DEBUG - 2025-08-06 00:11:32 --> Session: Class initialized using 'CodeIgniter\Session\Handlers\FileHandler' driver.
DEBUG - 2025-08-06 00:11:32 --> Session: Class initialized using 'CodeIgniter\Session\Handlers\FileHandler' driver.
DEBUG - 2025-08-06 00:14:53 --> Session: Class initialized using 'CodeIgniter\Session\Handlers\FileHandler' driver.
DEBUG - 2025-08-06 00:14:54 --> Session: Class initialized using 'CodeIgniter\Session\Handlers\FileHandler' driver.
DEBUG - 2025-08-06 00:15:21 --> Session: Class initialized using 'CodeIgniter\Session\Handlers\FileHandler' driver.
DEBUG - 2025-08-06 00:15:22 --> Session: Class initialized using 'CodeIgniter\Session\Handlers\FileHandler' driver.
DEBUG - 2025-08-06 00:21:44 --> Session: Class initialized using 'CodeIgniter\Session\Handlers\FileHandler' driver.
CRITICAL - 2025-08-06 00:21:44 --> ErrorException: Undefined variable $is_pemindahan_parent_active
[Method: GET, Route: berkas-aktif]
in APPPATH\Views\layout\sidebar.php on line 63.
 1 APPPATH\Views\layout\sidebar.php(63): CodeIgniter\Debug\Exceptions->errorHandler(2, 'Undefined variable $is_pemindahan_parent_active', 'C:\\laragon\\www\\beta_project\\app\\Views\\layout\\sidebar.php', 63)
 2 SYSTEMPATH\View\View.php(224): include('C:\\laragon\\www\\beta_project\\app\\Views\\layout\\sidebar.php')
 3 SYSTEMPATH\View\View.php(227): CodeIgniter\View\View->CodeIgniter\View\{closure}()
 4 SYSTEMPATH\View\View.php(475): CodeIgniter\View\View->render('layout/sidebar', null, true)
 5 APPPATH\Views\layout\template.php(15): CodeIgniter\View\View->include('layout/sidebar')
 6 SYSTEMPATH\View\View.php(224): include('C:\\laragon\\www\\beta_project\\app\\Views\\layout\\template.php')
 7 SYSTEMPATH\View\View.php(227): CodeIgniter\View\View->CodeIgniter\View\{closure}()
 8 SYSTEMPATH\View\View.php(240): CodeIgniter\View\View->render('layout/template', [], true)
 9 SYSTEMPATH\Common.php(1173): CodeIgniter\View\View->render('berkas_aktif/index', [], true)
10 APPPATH\Controllers\BerkasAktif.php(40): view('berkas_aktif/index', [...])
11 SYSTEMPATH\CodeIgniter.php(933): App\Controllers\BerkasAktif->index()
12 SYSTEMPATH\CodeIgniter.php(507): CodeIgniter\CodeIgniter->runController(Object(App\Controllers\BerkasAktif))
13 SYSTEMPATH\CodeIgniter.php(354): CodeIgniter\CodeIgniter->handleRequest(null, Object(Config\Cache), false)
14 SYSTEMPATH\Boot.php(334): CodeIgniter\CodeIgniter->run()
15 SYSTEMPATH\Boot.php(67): CodeIgniter\Boot::runCodeIgniter(Object(CodeIgniter\CodeIgniter))
16 FCPATH\index.php(59): CodeIgniter\Boot::bootWeb(Object(Config\Paths))
DEBUG - 2025-08-06 00:21:46 --> Session: Class initialized using 'CodeIgniter\Session\Handlers\FileHandler' driver.
CRITICAL - 2025-08-06 00:21:46 --> ErrorException: Undefined variable $is_pemindahan_parent_active
[Method: GET, Route: berkas-aktif]
in APPPATH\Views\layout\sidebar.php on line 63.
 1 APPPATH\Views\layout\sidebar.php(63): CodeIgniter\Debug\Exceptions->errorHandler(2, 'Undefined variable $is_pemindahan_parent_active', 'C:\\laragon\\www\\beta_project\\app\\Views\\layout\\sidebar.php', 63)
 2 SYSTEMPATH\View\View.php(224): include('C:\\laragon\\www\\beta_project\\app\\Views\\layout\\sidebar.php')
 3 SYSTEMPATH\View\View.php(227): CodeIgniter\View\View->CodeIgniter\View\{closure}()
 4 SYSTEMPATH\View\View.php(475): CodeIgniter\View\View->render('layout/sidebar', null, true)
 5 APPPATH\Views\layout\template.php(15): CodeIgniter\View\View->include('layout/sidebar')
 6 SYSTEMPATH\View\View.php(224): include('C:\\laragon\\www\\beta_project\\app\\Views\\layout\\template.php')
 7 SYSTEMPATH\View\View.php(227): CodeIgniter\View\View->CodeIgniter\View\{closure}()
 8 SYSTEMPATH\View\View.php(240): CodeIgniter\View\View->render('layout/template', [], true)
 9 SYSTEMPATH\Common.php(1173): CodeIgniter\View\View->render('berkas_aktif/index', [], true)
10 APPPATH\Controllers\BerkasAktif.php(40): view('berkas_aktif/index', [...])
11 SYSTEMPATH\CodeIgniter.php(933): App\Controllers\BerkasAktif->index()
12 SYSTEMPATH\CodeIgniter.php(507): CodeIgniter\CodeIgniter->runController(Object(App\Controllers\BerkasAktif))
13 SYSTEMPATH\CodeIgniter.php(354): CodeIgniter\CodeIgniter->handleRequest(null, Object(Config\Cache), false)
14 SYSTEMPATH\Boot.php(334): CodeIgniter\CodeIgniter->run()
15 SYSTEMPATH\Boot.php(67): CodeIgniter\Boot::runCodeIgniter(Object(CodeIgniter\CodeIgniter))
16 FCPATH\index.php(59): CodeIgniter\Boot::bootWeb(Object(Config\Paths))
DEBUG - 2025-08-06 00:22:35 --> Session: Class initialized using 'CodeIgniter\Session\Handlers\FileHandler' driver.
CRITICAL - 2025-08-06 00:22:35 --> ErrorException: Undefined variable $current_uri
[Method: GET, Route: berkas-aktif]
in APPPATH\Views\layout\sidebar.php on line 64.
 1 APPPATH\Views\layout\sidebar.php(64): CodeIgniter\Debug\Exceptions->errorHandler(2, 'Undefined variable $current_uri', 'C:\\laragon\\www\\beta_project\\app\\Views\\layout\\sidebar.php', 64)
 2 SYSTEMPATH\View\View.php(224): include('C:\\laragon\\www\\beta_project\\app\\Views\\layout\\sidebar.php')
 3 SYSTEMPATH\View\View.php(227): CodeIgniter\View\View->CodeIgniter\View\{closure}()
 4 SYSTEMPATH\View\View.php(475): CodeIgniter\View\View->render('layout/sidebar', null, true)
 5 APPPATH\Views\layout\template.php(15): CodeIgniter\View\View->include('layout/sidebar')
 6 SYSTEMPATH\View\View.php(224): include('C:\\laragon\\www\\beta_project\\app\\Views\\layout\\template.php')
 7 SYSTEMPATH\View\View.php(227): CodeIgniter\View\View->CodeIgniter\View\{closure}()
 8 SYSTEMPATH\View\View.php(240): CodeIgniter\View\View->render('layout/template', [], true)
 9 SYSTEMPATH\Common.php(1173): CodeIgniter\View\View->render('berkas_aktif/index', [], true)
10 APPPATH\Controllers\BerkasAktif.php(40): view('berkas_aktif/index', [...])
11 SYSTEMPATH\CodeIgniter.php(933): App\Controllers\BerkasAktif->index()
12 SYSTEMPATH\CodeIgniter.php(507): CodeIgniter\CodeIgniter->runController(Object(App\Controllers\BerkasAktif))
13 SYSTEMPATH\CodeIgniter.php(354): CodeIgniter\CodeIgniter->handleRequest(null, Object(Config\Cache), false)
14 SYSTEMPATH\Boot.php(334): CodeIgniter\CodeIgniter->run()
15 SYSTEMPATH\Boot.php(67): CodeIgniter\Boot::runCodeIgniter(Object(CodeIgniter\CodeIgniter))
16 FCPATH\index.php(59): CodeIgniter\Boot::bootWeb(Object(Config\Paths))
DEBUG - 2025-08-06 00:22:37 --> Session: Class initialized using 'CodeIgniter\Session\Handlers\FileHandler' driver.
CRITICAL - 2025-08-06 00:22:37 --> ErrorException: Undefined variable $current_uri
[Method: GET, Route: berkas-aktif]
in APPPATH\Views\layout\sidebar.php on line 64.
 1 APPPATH\Views\layout\sidebar.php(64): CodeIgniter\Debug\Exceptions->errorHandler(2, 'Undefined variable $current_uri', 'C:\\laragon\\www\\beta_project\\app\\Views\\layout\\sidebar.php', 64)
 2 SYSTEMPATH\View\View.php(224): include('C:\\laragon\\www\\beta_project\\app\\Views\\layout\\sidebar.php')
 3 SYSTEMPATH\View\View.php(227): CodeIgniter\View\View->CodeIgniter\View\{closure}()
 4 SYSTEMPATH\View\View.php(475): CodeIgniter\View\View->render('layout/sidebar', null, true)
 5 APPPATH\Views\layout\template.php(15): CodeIgniter\View\View->include('layout/sidebar')
 6 SYSTEMPATH\View\View.php(224): include('C:\\laragon\\www\\beta_project\\app\\Views\\layout\\template.php')
 7 SYSTEMPATH\View\View.php(227): CodeIgniter\View\View->CodeIgniter\View\{closure}()
 8 SYSTEMPATH\View\View.php(240): CodeIgniter\View\View->render('layout/template', [], true)
 9 SYSTEMPATH\Common.php(1173): CodeIgniter\View\View->render('berkas_aktif/index', [], true)
10 APPPATH\Controllers\BerkasAktif.php(40): view('berkas_aktif/index', [...])
11 SYSTEMPATH\CodeIgniter.php(933): App\Controllers\BerkasAktif->index()
12 SYSTEMPATH\CodeIgniter.php(507): CodeIgniter\CodeIgniter->runController(Object(App\Controllers\BerkasAktif))
13 SYSTEMPATH\CodeIgniter.php(354): CodeIgniter\CodeIgniter->handleRequest(null, Object(Config\Cache), false)
14 SYSTEMPATH\Boot.php(334): CodeIgniter\CodeIgniter->run()
15 SYSTEMPATH\Boot.php(67): CodeIgniter\Boot::runCodeIgniter(Object(CodeIgniter\CodeIgniter))
16 FCPATH\index.php(59): CodeIgniter\Boot::bootWeb(Object(Config\Paths))
DEBUG - 2025-08-06 00:22:38 --> Session: Class initialized using 'CodeIgniter\Session\Handlers\FileHandler' driver.
CRITICAL - 2025-08-06 00:22:38 --> ErrorException: Undefined variable $current_uri
[Method: GET, Route: berkas-aktif]
in APPPATH\Views\layout\sidebar.php on line 64.
 1 APPPATH\Views\layout\sidebar.php(64): CodeIgniter\Debug\Exceptions->errorHandler(2, 'Undefined variable $current_uri', 'C:\\laragon\\www\\beta_project\\app\\Views\\layout\\sidebar.php', 64)
 2 SYSTEMPATH\View\View.php(224): include('C:\\laragon\\www\\beta_project\\app\\Views\\layout\\sidebar.php')
 3 SYSTEMPATH\View\View.php(227): CodeIgniter\View\View->CodeIgniter\View\{closure}()
 4 SYSTEMPATH\View\View.php(475): CodeIgniter\View\View->render('layout/sidebar', null, true)
 5 APPPATH\Views\layout\template.php(15): CodeIgniter\View\View->include('layout/sidebar')
 6 SYSTEMPATH\View\View.php(224): include('C:\\laragon\\www\\beta_project\\app\\Views\\layout\\template.php')
 7 SYSTEMPATH\View\View.php(227): CodeIgniter\View\View->CodeIgniter\View\{closure}()
 8 SYSTEMPATH\View\View.php(240): CodeIgniter\View\View->render('layout/template', [], true)
 9 SYSTEMPATH\Common.php(1173): CodeIgniter\View\View->render('berkas_aktif/index', [], true)
10 APPPATH\Controllers\BerkasAktif.php(40): view('berkas_aktif/index', [...])
11 SYSTEMPATH\CodeIgniter.php(933): App\Controllers\BerkasAktif->index()
12 SYSTEMPATH\CodeIgniter.php(507): CodeIgniter\CodeIgniter->runController(Object(App\Controllers\BerkasAktif))
13 SYSTEMPATH\CodeIgniter.php(354): CodeIgniter\CodeIgniter->handleRequest(null, Object(Config\Cache), false)
14 SYSTEMPATH\Boot.php(334): CodeIgniter\CodeIgniter->run()
15 SYSTEMPATH\Boot.php(67): CodeIgniter\Boot::runCodeIgniter(Object(CodeIgniter\CodeIgniter))
16 FCPATH\index.php(59): CodeIgniter\Boot::bootWeb(Object(Config\Paths))
DEBUG - 2025-08-06 00:23:09 --> Session: Class initialized using 'CodeIgniter\Session\Handlers\FileHandler' driver.
DEBUG - 2025-08-06 00:23:09 --> Session: Class initialized using 'CodeIgniter\Session\Handlers\FileHandler' driver.
DEBUG - 2025-08-06 00:23:13 --> Session: Class initialized using 'CodeIgniter\Session\Handlers\FileHandler' driver.
DEBUG - 2025-08-06 00:23:13 --> Session: Class initialized using 'CodeIgniter\Session\Handlers\FileHandler' driver.
DEBUG - 2025-08-06 00:25:13 --> Session: Class initialized using 'CodeIgniter\Session\Handlers\FileHandler' driver.
DEBUG - 2025-08-06 00:25:13 --> Session: Class initialized using 'CodeIgniter\Session\Handlers\FileHandler' driver.
DEBUG - 2025-08-06 00:32:16 --> Session: Class initialized using 'CodeIgniter\Session\Handlers\FileHandler' driver.
DEBUG - 2025-08-06 00:32:16 --> Session: Class initialized using 'CodeIgniter\Session\Handlers\FileHandler' driver.
DEBUG - 2025-08-06 00:32:20 --> Session: Class initialized using 'CodeIgniter\Session\Handlers\FileHandler' driver.
DEBUG - 2025-08-06 00:33:16 --> Session: Class initialized using 'CodeIgniter\Session\Handlers\FileHandler' driver.
DEBUG - 2025-08-06 03:24:14 --> Session: Class initialized using 'CodeIgniter\Session\Handlers\FileHandler' driver.
DEBUG - 2025-08-06 03:24:14 --> Session: Class initialized using 'CodeIgniter\Session\Handlers\FileHandler' driver.
DEBUG - 2025-08-06 03:24:16 --> Session: Class initialized using 'CodeIgniter\Session\Handlers\FileHandler' driver.
DEBUG - 2025-08-06 03:24:16 --> Session: Class initialized using 'CodeIgniter\Session\Handlers\FileHandler' driver.
DEBUG - 2025-08-06 03:24:27 --> Session: Class initialized using 'CodeIgniter\Session\Handlers\FileHandler' driver.
DEBUG - 2025-08-06 03:25:10 --> Session: Class initialized using 'CodeIgniter\Session\Handlers\FileHandler' driver.
CRITICAL - 2025-08-06 03:25:10 --> ErrorException: Undefined array key "kode_es2"
[Method: GET, Route: profil]
in APPPATH\Views\layout\navbar.php on line 46.
 1 APPPATH\Views\layout\navbar.php(46): CodeIgniter\Debug\Exceptions->errorHandler(2, 'Undefined array key "kode_es2"', 'C:\\laragon\\www\\beta_project\\app\\Views\\layout\\navbar.php', 46)
 2 SYSTEMPATH\View\View.php(224): include('C:\\laragon\\www\\beta_project\\app\\Views\\layout\\navbar.php')
 3 SYSTEMPATH\View\View.php(227): CodeIgniter\View\View->CodeIgniter\View\{closure}()
 4 SYSTEMPATH\View\View.php(475): CodeIgniter\View\View->render('layout/navbar', null, true)
 5 APPPATH\Views\layout\template.php(22): CodeIgniter\View\View->include('layout/navbar')
 6 SYSTEMPATH\View\View.php(224): include('C:\\laragon\\www\\beta_project\\app\\Views\\layout\\template.php')
 7 SYSTEMPATH\View\View.php(227): CodeIgniter\View\View->CodeIgniter\View\{closure}()
 8 SYSTEMPATH\View\View.php(240): CodeIgniter\View\View->render('layout/template', [], true)
 9 SYSTEMPATH\Common.php(1173): CodeIgniter\View\View->render('users/profil', [], true)
10 APPPATH\Controllers\Profil.php(47): view('users/profil', [...])
11 SYSTEMPATH\CodeIgniter.php(933): App\Controllers\Profil->index()
12 SYSTEMPATH\CodeIgniter.php(507): CodeIgniter\CodeIgniter->runController(Object(App\Controllers\Profil))
13 SYSTEMPATH\CodeIgniter.php(354): CodeIgniter\CodeIgniter->handleRequest(null, Object(Config\Cache), false)
14 SYSTEMPATH\Boot.php(334): CodeIgniter\CodeIgniter->run()
15 SYSTEMPATH\Boot.php(67): CodeIgniter\Boot::runCodeIgniter(Object(CodeIgniter\CodeIgniter))
16 FCPATH\index.php(59): CodeIgniter\Boot::bootWeb(Object(Config\Paths))
DEBUG - 2025-08-06 03:25:26 --> Session: Class initialized using 'CodeIgniter\Session\Handlers\FileHandler' driver.
DEBUG - 2025-08-06 03:25:36 --> Session: Class initialized using 'CodeIgniter\Session\Handlers\FileHandler' driver.
DEBUG - 2025-08-06 03:25:37 --> Session: Class initialized using 'CodeIgniter\Session\Handlers\FileHandler' driver.
DEBUG - 2025-08-06 03:25:38 --> Session: Class initialized using 'CodeIgniter\Session\Handlers\FileHandler' driver.
DEBUG - 2025-08-06 03:25:39 --> Session: Class initialized using 'CodeIgniter\Session\Handlers\FileHandler' driver.
DEBUG - 2025-08-06 03:25:39 --> Session: Class initialized using 'CodeIgniter\Session\Handlers\FileHandler' driver.
DEBUG - 2025-08-06 03:25:47 --> Session: Class initialized using 'CodeIgniter\Session\Handlers\FileHandler' driver.
DEBUG - 2025-08-06 03:25:47 --> Session: Class initialized using 'CodeIgniter\Session\Handlers\FileHandler' driver.
DEBUG - 2025-08-06 03:28:22 --> Session: Class initialized using 'CodeIgniter\Session\Handlers\FileHandler' driver.
DEBUG - 2025-08-06 03:28:23 --> Session: Class initialized using 'CodeIgniter\Session\Handlers\FileHandler' driver.
DEBUG - 2025-08-06 03:28:36 --> Session: Class initialized using 'CodeIgniter\Session\Handlers\FileHandler' driver.
DEBUG - 2025-08-06 03:28:36 --> Session: Class initialized using 'CodeIgniter\Session\Handlers\FileHandler' driver.
DEBUG - 2025-08-06 03:28:37 --> Session: Class initialized using 'CodeIgniter\Session\Handlers\FileHandler' driver.
DEBUG - 2025-08-06 03:28:37 --> Session: Class initialized using 'CodeIgniter\Session\Handlers\FileHandler' driver.
DEBUG - 2025-08-06 03:29:04 --> Session: Class initialized using 'CodeIgniter\Session\Handlers\FileHandler' driver.
DEBUG - 2025-08-06 03:35:22 --> Session: Class initialized using 'CodeIgniter\Session\Handlers\FileHandler' driver.
DEBUG - 2025-08-06 03:35:23 --> Session: Class initialized using 'CodeIgniter\Session\Handlers\FileHandler' driver.
DEBUG - 2025-08-06 03:35:24 --> Session: Class initialized using 'CodeIgniter\Session\Handlers\FileHandler' driver.
DEBUG - 2025-08-06 03:35:37 --> Session: Class initialized using 'CodeIgniter\Session\Handlers\FileHandler' driver.
DEBUG - 2025-08-06 03:35:46 --> Session: Class initialized using 'CodeIgniter\Session\Handlers\FileHandler' driver.
DEBUG - 2025-08-06 03:35:53 --> Session: Class initialized using 'CodeIgniter\Session\Handlers\FileHandler' driver.
DEBUG - 2025-08-06 03:36:32 --> Session: Class initialized using 'CodeIgniter\Session\Handlers\FileHandler' driver.
DEBUG - 2025-08-06 03:36:34 --> Session: Class initialized using 'CodeIgniter\Session\Handlers\FileHandler' driver.
DEBUG - 2025-08-06 03:36:36 --> Session: Class initialized using 'CodeIgniter\Session\Handlers\FileHandler' driver.
DEBUG - 2025-08-06 03:38:09 --> Session: Class initialized using 'CodeIgniter\Session\Handlers\FileHandler' driver.
DEBUG - 2025-08-06 03:38:11 --> Session: Class initialized using 'CodeIgniter\Session\Handlers\FileHandler' driver.
DEBUG - 2025-08-06 03:38:18 --> Session: Class initialized using 'CodeIgniter\Session\Handlers\FileHandler' driver.
DEBUG - 2025-08-06 03:38:18 --> Session: Class initialized using 'CodeIgniter\Session\Handlers\FileHandler' driver.
DEBUG - 2025-08-06 03:39:30 --> Session: Class initialized using 'CodeIgniter\Session\Handlers\FileHandler' driver.
DEBUG - 2025-08-06 03:39:30 --> Session: Class initialized using 'CodeIgniter\Session\Handlers\FileHandler' driver.
DEBUG - 2025-08-06 03:40:45 --> Session: Class initialized using 'CodeIgniter\Session\Handlers\FileHandler' driver.
DEBUG - 2025-08-06 03:40:46 --> Session: Class initialized using 'CodeIgniter\Session\Handlers\FileHandler' driver.
DEBUG - 2025-08-06 03:42:53 --> Session: Class initialized using 'CodeIgniter\Session\Handlers\FileHandler' driver.
DEBUG - 2025-08-06 03:42:54 --> Session: Class initialized using 'CodeIgniter\Session\Handlers\FileHandler' driver.
DEBUG - 2025-08-06 03:43:15 --> Session: Class initialized using 'CodeIgniter\Session\Handlers\FileHandler' driver.
DEBUG - 2025-08-06 03:43:16 --> Session: Class initialized using 'CodeIgniter\Session\Handlers\FileHandler' driver.
DEBUG - 2025-08-06 03:44:28 --> Session: Class initialized using 'CodeIgniter\Session\Handlers\FileHandler' driver.
DEBUG - 2025-08-06 03:44:28 --> Session: Class initialized using 'CodeIgniter\Session\Handlers\FileHandler' driver.
DEBUG - 2025-08-06 03:44:51 --> Session: Class initialized using 'CodeIgniter\Session\Handlers\FileHandler' driver.
DEBUG - 2025-08-06 03:44:51 --> Session: Class initialized using 'CodeIgniter\Session\Handlers\FileHandler' driver.
DEBUG - 2025-08-06 03:45:00 --> Session: Class initialized using 'CodeIgniter\Session\Handlers\FileHandler' driver.
DEBUG - 2025-08-06 03:45:00 --> Session: Class initialized using 'CodeIgniter\Session\Handlers\FileHandler' driver.
DEBUG - 2025-08-06 03:47:24 --> Session: Class initialized using 'CodeIgniter\Session\Handlers\FileHandler' driver.
DEBUG - 2025-08-06 03:47:24 --> Session: Class initialized using 'CodeIgniter\Session\Handlers\FileHandler' driver.
DEBUG - 2025-08-06 03:47:30 --> Session: Class initialized using 'CodeIgniter\Session\Handlers\FileHandler' driver.
DEBUG - 2025-08-06 03:47:31 --> Session: Class initialized using 'CodeIgniter\Session\Handlers\FileHandler' driver.
DEBUG - 2025-08-06 03:47:57 --> Session: Class initialized using 'CodeIgniter\Session\Handlers\FileHandler' driver.
DEBUG - 2025-08-06 03:47:57 --> Session: Class initialized using 'CodeIgniter\Session\Handlers\FileHandler' driver.
DEBUG - 2025-08-06 03:50:58 --> Session: Class initialized using 'CodeIgniter\Session\Handlers\FileHandler' driver.
DEBUG - 2025-08-06 03:51:12 --> Session: Class initialized using 'CodeIgniter\Session\Handlers\FileHandler' driver.
DEBUG - 2025-08-06 03:51:24 --> Session: Class initialized using 'CodeIgniter\Session\Handlers\FileHandler' driver.
DEBUG - 2025-08-06 03:51:33 --> Session: Class initialized using 'CodeIgniter\Session\Handlers\FileHandler' driver.
DEBUG - 2025-08-06 03:51:33 --> Session: Class initialized using 'CodeIgniter\Session\Handlers\FileHandler' driver.
DEBUG - 2025-08-06 03:51:41 --> Session: Class initialized using 'CodeIgniter\Session\Handlers\FileHandler' driver.
DEBUG - 2025-08-06 03:51:41 --> Session: Class initialized using 'CodeIgniter\Session\Handlers\FileHandler' driver.
DEBUG - 2025-08-06 03:51:47 --> Session: Class initialized using 'CodeIgniter\Session\Handlers\FileHandler' driver.
DEBUG - 2025-08-06 03:51:47 --> Session: Class initialized using 'CodeIgniter\Session\Handlers\FileHandler' driver.
DEBUG - 2025-08-06 03:51:53 --> Session: Class initialized using 'CodeIgniter\Session\Handlers\FileHandler' driver.
DEBUG - 2025-08-06 03:51:53 --> Session: Class initialized using 'CodeIgniter\Session\Handlers\FileHandler' driver.
DEBUG - 2025-08-06 03:52:04 --> Session: Class initialized using 'CodeIgniter\Session\Handlers\FileHandler' driver.
DEBUG - 2025-08-06 03:52:05 --> Session: Class initialized using 'CodeIgniter\Session\Handlers\FileHandler' driver.
DEBUG - 2025-08-06 04:07:54 --> Session: Class initialized using 'CodeIgniter\Session\Handlers\FileHandler' driver.
DEBUG - 2025-08-06 04:07:55 --> Session: Class initialized using 'CodeIgniter\Session\Handlers\FileHandler' driver.
DEBUG - 2025-08-06 04:07:59 --> Session: Class initialized using 'CodeIgniter\Session\Handlers\FileHandler' driver.
DEBUG - 2025-08-06 04:07:59 --> Session: Class initialized using 'CodeIgniter\Session\Handlers\FileHandler' driver.
DEBUG - 2025-08-06 04:08:08 --> Session: Class initialized using 'CodeIgniter\Session\Handlers\FileHandler' driver.
DEBUG - 2025-08-06 04:08:09 --> Session: Class initialized using 'CodeIgniter\Session\Handlers\FileHandler' driver.
DEBUG - 2025-08-06 04:08:09 --> Session: Class initialized using 'CodeIgniter\Session\Handlers\FileHandler' driver.
DEBUG - 2025-08-06 04:08:10 --> Session: Class initialized using 'CodeIgniter\Session\Handlers\FileHandler' driver.
DEBUG - 2025-08-06 04:09:25 --> Session: Class initialized using 'CodeIgniter\Session\Handlers\FileHandler' driver.
DEBUG - 2025-08-06 04:09:26 --> Session: Class initialized using 'CodeIgniter\Session\Handlers\FileHandler' driver.
DEBUG - 2025-08-06 04:09:31 --> Session: Class initialized using 'CodeIgniter\Session\Handlers\FileHandler' driver.
DEBUG - 2025-08-06 04:09:31 --> Session: Class initialized using 'CodeIgniter\Session\Handlers\FileHandler' driver.
DEBUG - 2025-08-06 04:09:32 --> Session: Class initialized using 'CodeIgniter\Session\Handlers\FileHandler' driver.
DEBUG - 2025-08-06 04:09:32 --> Session: Class initialized using 'CodeIgniter\Session\Handlers\FileHandler' driver.
DEBUG - 2025-08-06 04:09:33 --> Session: Class initialized using 'CodeIgniter\Session\Handlers\FileHandler' driver.
DEBUG - 2025-08-06 04:09:33 --> Session: Class initialized using 'CodeIgniter\Session\Handlers\FileHandler' driver.
DEBUG - 2025-08-06 04:09:34 --> Session: Class initialized using 'CodeIgniter\Session\Handlers\FileHandler' driver.
DEBUG - 2025-08-06 04:09:35 --> Session: Class initialized using 'CodeIgniter\Session\Handlers\FileHandler' driver.
DEBUG - 2025-08-06 04:16:52 --> Session: Class initialized using 'CodeIgniter\Session\Handlers\FileHandler' driver.
DEBUG - 2025-08-06 04:16:52 --> Session: Class initialized using 'CodeIgniter\Session\Handlers\FileHandler' driver.
DEBUG - 2025-08-06 04:25:08 --> Session: Class initialized using 'CodeIgniter\Session\Handlers\FileHandler' driver.
DEBUG - 2025-08-06 04:25:09 --> Session: Class initialized using 'CodeIgniter\Session\Handlers\FileHandler' driver.
DEBUG - 2025-08-06 04:27:11 --> Session: Class initialized using 'CodeIgniter\Session\Handlers\FileHandler' driver.
DEBUG - 2025-08-06 04:27:11 --> Session: Class initialized using 'CodeIgniter\Session\Handlers\FileHandler' driver.
DEBUG - 2025-08-06 04:27:11 --> Session: Class initialized using 'CodeIgniter\Session\Handlers\FileHandler' driver.
DEBUG - 2025-08-06 04:27:16 --> Session: Class initialized using 'CodeIgniter\Session\Handlers\FileHandler' driver.
DEBUG - 2025-08-06 04:27:16 --> Session: Class initialized using 'CodeIgniter\Session\Handlers\FileHandler' driver.
DEBUG - 2025-08-06 04:27:21 --> Session: Class initialized using 'CodeIgniter\Session\Handlers\FileHandler' driver.
DEBUG - 2025-08-06 04:27:22 --> Session: Class initialized using 'CodeIgniter\Session\Handlers\FileHandler' driver.
DEBUG - 2025-08-06 04:27:25 --> Session: Class initialized using 'CodeIgniter\Session\Handlers\FileHandler' driver.
DEBUG - 2025-08-06 04:27:25 --> Session: Class initialized using 'CodeIgniter\Session\Handlers\FileHandler' driver.
DEBUG - 2025-08-06 04:27:36 --> Session: Class initialized using 'CodeIgniter\Session\Handlers\FileHandler' driver.
DEBUG - 2025-08-06 04:27:36 --> Session: Class initialized using 'CodeIgniter\Session\Handlers\FileHandler' driver.
DEBUG - 2025-08-06 04:27:45 --> Session: Class initialized using 'CodeIgniter\Session\Handlers\FileHandler' driver.
DEBUG - 2025-08-06 04:27:45 --> Session: Class initialized using 'CodeIgniter\Session\Handlers\FileHandler' driver.
DEBUG - 2025-08-06 04:27:49 --> Session: Class initialized using 'CodeIgniter\Session\Handlers\FileHandler' driver.
DEBUG - 2025-08-06 04:27:49 --> Session: Class initialized using 'CodeIgniter\Session\Handlers\FileHandler' driver.
DEBUG - 2025-08-06 04:27:54 --> Session: Class initialized using 'CodeIgniter\Session\Handlers\FileHandler' driver.
DEBUG - 2025-08-06 04:27:54 --> Session: Class initialized using 'CodeIgniter\Session\Handlers\FileHandler' driver.
DEBUG - 2025-08-06 04:28:02 --> Session: Class initialized using 'CodeIgniter\Session\Handlers\FileHandler' driver.
DEBUG - 2025-08-06 04:28:02 --> Session: Class initialized using 'CodeIgniter\Session\Handlers\FileHandler' driver.
DEBUG - 2025-08-06 04:28:14 --> Session: Class initialized using 'CodeIgniter\Session\Handlers\FileHandler' driver.
DEBUG - 2025-08-06 04:28:14 --> Session: Class initialized using 'CodeIgniter\Session\Handlers\FileHandler' driver.
DEBUG - 2025-08-06 04:28:21 --> Session: Class initialized using 'CodeIgniter\Session\Handlers\FileHandler' driver.
DEBUG - 2025-08-06 04:33:38 --> Session: Class initialized using 'CodeIgniter\Session\Handlers\FileHandler' driver.
DEBUG - 2025-08-06 04:33:38 --> Session: Class initialized using 'CodeIgniter\Session\Handlers\FileHandler' driver.
DEBUG - 2025-08-06 04:34:12 --> Session: Class initialized using 'CodeIgniter\Session\Handlers\FileHandler' driver.
DEBUG - 2025-08-06 04:34:14 --> Session: Class initialized using 'CodeIgniter\Session\Handlers\FileHandler' driver.
DEBUG - 2025-08-06 04:35:05 --> Session: Class initialized using 'CodeIgniter\Session\Handlers\FileHandler' driver.
DEBUG - 2025-08-06 04:37:31 --> Session: Class initialized using 'CodeIgniter\Session\Handlers\FileHandler' driver.
DEBUG - 2025-08-06 04:37:31 --> Session: Class initialized using 'CodeIgniter\Session\Handlers\FileHandler' driver.
ERROR - 2025-08-06 04:37:31 --> mysqli_sql_exception: Unknown column 'es2.kode_es2' in 'field list' in C:\laragon\www\beta_project\system\Database\MySQLi\Connection.php:327
Stack trace:
#0 C:\laragon\www\beta_project\system\Database\MySQLi\Connection.php(327): mysqli->query('SELECT `item_ak...', 0)
#1 C:\laragon\www\beta_project\system\Database\BaseConnection.php(738): CodeIgniter\Database\MySQLi\Connection->execute('SELECT `item_ak...')
#2 C:\laragon\www\beta_project\system\Database\BaseConnection.php(652): CodeIgniter\Database\BaseConnection->simpleQuery('SELECT `item_ak...')
#3 C:\laragon\www\beta_project\system\Database\BaseBuilder.php(1649): CodeIgniter\Database\BaseConnection->query('SELECT `item_ak...', Array, false)
#4 C:\laragon\www\beta_project\app\Controllers\Pemindahan.php(290): CodeIgniter\Database\BaseBuilder->get()
#5 C:\laragon\www\beta_project\app\Controllers\Pemindahan.php(268): App\Controllers\Pemindahan->getDataVerifikasiByLevel('L1')
#6 C:\laragon\www\beta_project\system\CodeIgniter.php(933): App\Controllers\Pemindahan->getDataVerifikasiL1()
#7 C:\laragon\www\beta_project\system\CodeIgniter.php(507): CodeIgniter\CodeIgniter->runController(Object(App\Controllers\Pemindahan))
#8 C:\laragon\www\beta_project\system\CodeIgniter.php(354): CodeIgniter\CodeIgniter->handleRequest(NULL, Object(Config\Cache), false)
#9 C:\laragon\www\beta_project\system\Boot.php(334): CodeIgniter\CodeIgniter->run()
#10 C:\laragon\www\beta_project\system\Boot.php(67): CodeIgniter\Boot::runCodeIgniter(Object(CodeIgniter\CodeIgniter))
#11 C:\laragon\www\beta_project\public\index.php(59): CodeIgniter\Boot::bootWeb(Object(Config\Paths))
#12 {main}
ERROR - 2025-08-06 04:37:31 --> [Pemindahan_GetDataVerifikasiByLevel] Unknown column 'es2.kode_es2' in 'field list'
DEBUG - 2025-08-06 04:37:45 --> Session: Class initialized using 'CodeIgniter\Session\Handlers\FileHandler' driver.
DEBUG - 2025-08-06 04:37:46 --> Session: Class initialized using 'CodeIgniter\Session\Handlers\FileHandler' driver.
DEBUG - 2025-08-06 04:38:14 --> Session: Class initialized using 'CodeIgniter\Session\Handlers\FileHandler' driver.
DEBUG - 2025-08-06 04:38:15 --> Session: Class initialized using 'CodeIgniter\Session\Handlers\FileHandler' driver.
ERROR - 2025-08-06 04:38:15 --> mysqli_sql_exception: Unknown column 'es2.kode_es2' in 'field list' in C:\laragon\www\beta_project\system\Database\MySQLi\Connection.php:327
Stack trace:
#0 C:\laragon\www\beta_project\system\Database\MySQLi\Connection.php(327): mysqli->query('SELECT `item_ak...', 0)
#1 C:\laragon\www\beta_project\system\Database\BaseConnection.php(738): CodeIgniter\Database\MySQLi\Connection->execute('SELECT `item_ak...')
#2 C:\laragon\www\beta_project\system\Database\BaseConnection.php(652): CodeIgniter\Database\BaseConnection->simpleQuery('SELECT `item_ak...')
#3 C:\laragon\www\beta_project\system\Database\BaseBuilder.php(1649): CodeIgniter\Database\BaseConnection->query('SELECT `item_ak...', Array, false)
#4 C:\laragon\www\beta_project\app\Controllers\Pemindahan.php(290): CodeIgniter\Database\BaseBuilder->get()
#5 C:\laragon\www\beta_project\app\Controllers\Pemindahan.php(268): App\Controllers\Pemindahan->getDataVerifikasiByLevel('L1')
#6 C:\laragon\www\beta_project\system\CodeIgniter.php(933): App\Controllers\Pemindahan->getDataVerifikasiL1()
#7 C:\laragon\www\beta_project\system\CodeIgniter.php(507): CodeIgniter\CodeIgniter->runController(Object(App\Controllers\Pemindahan))
#8 C:\laragon\www\beta_project\system\CodeIgniter.php(354): CodeIgniter\CodeIgniter->handleRequest(NULL, Object(Config\Cache), false)
#9 C:\laragon\www\beta_project\system\Boot.php(334): CodeIgniter\CodeIgniter->run()
#10 C:\laragon\www\beta_project\system\Boot.php(67): CodeIgniter\Boot::runCodeIgniter(Object(CodeIgniter\CodeIgniter))
#11 C:\laragon\www\beta_project\public\index.php(59): CodeIgniter\Boot::bootWeb(Object(Config\Paths))
#12 {main}
ERROR - 2025-08-06 04:38:15 --> [Pemindahan_GetDataVerifikasiByLevel] Unknown column 'es2.kode_es2' in 'field list'
DEBUG - 2025-08-06 07:45:50 --> Session: Class initialized using 'CodeIgniter\Session\Handlers\FileHandler' driver.
DEBUG - 2025-08-06 07:45:50 --> Session: Class initialized using 'CodeIgniter\Session\Handlers\FileHandler' driver.
DEBUG - 2025-08-06 07:46:07 --> Session: Class initialized using 'CodeIgniter\Session\Handlers\FileHandler' driver.
DEBUG - 2025-08-06 07:46:07 --> Session: Class initialized using 'CodeIgniter\Session\Handlers\FileHandler' driver.
DEBUG - 2025-08-06 07:46:09 --> Session: Class initialized using 'CodeIgniter\Session\Handlers\FileHandler' driver.
DEBUG - 2025-08-06 07:46:10 --> Session: Class initialized using 'CodeIgniter\Session\Handlers\FileHandler' driver.
ERROR - 2025-08-06 07:46:10 --> mysqli_sql_exception: Unknown column 'es2.kode_es2' in 'field list' in C:\laragon\www\beta_project\system\Database\MySQLi\Connection.php:327
Stack trace:
#0 C:\laragon\www\beta_project\system\Database\MySQLi\Connection.php(327): mysqli->query('SELECT `item_ak...', 0)
#1 C:\laragon\www\beta_project\system\Database\BaseConnection.php(738): CodeIgniter\Database\MySQLi\Connection->execute('SELECT `item_ak...')
#2 C:\laragon\www\beta_project\system\Database\BaseConnection.php(652): CodeIgniter\Database\BaseConnection->simpleQuery('SELECT `item_ak...')
#3 C:\laragon\www\beta_project\system\Database\BaseBuilder.php(1649): CodeIgniter\Database\BaseConnection->query('SELECT `item_ak...', Array, false)
#4 C:\laragon\www\beta_project\app\Controllers\Pemindahan.php(315): CodeIgniter\Database\BaseBuilder->get(NULL, 0, false)
#5 C:\laragon\www\beta_project\app\Controllers\Pemindahan.php(268): App\Controllers\Pemindahan->getDataVerifikasiByLevel('L1')
#6 C:\laragon\www\beta_project\system\CodeIgniter.php(933): App\Controllers\Pemindahan->getDataVerifikasiL1()
#7 C:\laragon\www\beta_project\system\CodeIgniter.php(507): CodeIgniter\CodeIgniter->runController(Object(App\Controllers\Pemindahan))
#8 C:\laragon\www\beta_project\system\CodeIgniter.php(354): CodeIgniter\CodeIgniter->handleRequest(NULL, Object(Config\Cache), false)
#9 C:\laragon\www\beta_project\system\Boot.php(334): CodeIgniter\CodeIgniter->run()
#10 C:\laragon\www\beta_project\system\Boot.php(67): CodeIgniter\Boot::runCodeIgniter(Object(CodeIgniter\CodeIgniter))
#11 C:\laragon\www\beta_project\public\index.php(59): CodeIgniter\Boot::bootWeb(Object(Config\Paths))
#12 {main}
ERROR - 2025-08-06 07:46:10 --> [Pemindahan_GetDataVerifikasiByLevel] Exception: Unknown column 'es2.kode_es2' in 'field list'
DEBUG - 2025-08-06 07:46:34 --> Session: Class initialized using 'CodeIgniter\Session\Handlers\FileHandler' driver.
DEBUG - 2025-08-06 07:46:34 --> Session: Class initialized using 'CodeIgniter\Session\Handlers\FileHandler' driver.
ERROR - 2025-08-06 07:46:34 --> mysqli_sql_exception: Unknown column 'es2.kode_es2' in 'group statement' in C:\laragon\www\beta_project\system\Database\MySQLi\Connection.php:327
Stack trace:
#0 C:\laragon\www\beta_project\system\Database\MySQLi\Connection.php(327): mysqli->query('SELECT `item_ak...', 0)
#1 C:\laragon\www\beta_project\system\Database\BaseConnection.php(738): CodeIgniter\Database\MySQLi\Connection->execute('SELECT `item_ak...')
#2 C:\laragon\www\beta_project\system\Database\BaseConnection.php(652): CodeIgniter\Database\BaseConnection->simpleQuery('SELECT `item_ak...')
#3 C:\laragon\www\beta_project\system\Database\BaseBuilder.php(1649): CodeIgniter\Database\BaseConnection->query('SELECT `item_ak...', Array, false)
#4 C:\laragon\www\beta_project\app\Controllers\Pemindahan.php(315): CodeIgniter\Database\BaseBuilder->get(NULL, 0, false)
#5 C:\laragon\www\beta_project\app\Controllers\Pemindahan.php(268): App\Controllers\Pemindahan->getDataVerifikasiByLevel('L1')
#6 C:\laragon\www\beta_project\system\CodeIgniter.php(933): App\Controllers\Pemindahan->getDataVerifikasiL1()
#7 C:\laragon\www\beta_project\system\CodeIgniter.php(507): CodeIgniter\CodeIgniter->runController(Object(App\Controllers\Pemindahan))
#8 C:\laragon\www\beta_project\system\CodeIgniter.php(354): CodeIgniter\CodeIgniter->handleRequest(NULL, Object(Config\Cache), false)
#9 C:\laragon\www\beta_project\system\Boot.php(334): CodeIgniter\CodeIgniter->run()
#10 C:\laragon\www\beta_project\system\Boot.php(67): CodeIgniter\Boot::runCodeIgniter(Object(CodeIgniter\CodeIgniter))
#11 C:\laragon\www\beta_project\public\index.php(59): CodeIgniter\Boot::bootWeb(Object(Config\Paths))
#12 {main}
ERROR - 2025-08-06 07:46:34 --> [Pemindahan_GetDataVerifikasiByLevel] Exception: Unknown column 'es2.kode_es2' in 'group statement'
DEBUG - 2025-08-06 07:46:54 --> Session: Class initialized using 'CodeIgniter\Session\Handlers\FileHandler' driver.
DEBUG - 2025-08-06 07:46:55 --> Session: Class initialized using 'CodeIgniter\Session\Handlers\FileHandler' driver.
DEBUG - 2025-08-06 07:46:56 --> Session: Class initialized using 'CodeIgniter\Session\Handlers\FileHandler' driver.
DEBUG - 2025-08-06 07:46:57 --> Session: Class initialized using 'CodeIgniter\Session\Handlers\FileHandler' driver.
DEBUG - 2025-08-06 07:56:20 --> Session: Class initialized using 'CodeIgniter\Session\Handlers\FileHandler' driver.
CRITICAL - 2025-08-06 07:56:20 --> ErrorException: Undefined variable $id_user
[Method: GET, Route: pemindahan/verifikasi-detail/99/L1]
in APPPATH\Views\pemindahan\verifikasi_detail.php on line 70.
 1 APPPATH\Views\pemindahan\verifikasi_detail.php(70): CodeIgniter\Debug\Exceptions->errorHandler(2, 'Undefined variable $id_user', 'C:\\laragon\\www\\beta_project\\app\\Views\\pemindahan\\verifikasi_detail.php', 70)
 2 SYSTEMPATH\View\View.php(224): include('C:\\laragon\\www\\beta_project\\app\\Views\\pemindahan\\verifikasi_detail.php')
 3 SYSTEMPATH\View\View.php(227): CodeIgniter\View\View->CodeIgniter\View\{closure}()
 4 SYSTEMPATH\Common.php(1173): CodeIgniter\View\View->render('pemindahan/verifikasi_detail', [], true)
 5 APPPATH\Controllers\Pemindahan.php(349): view('pemindahan/verifikasi_detail', [...])
 6 SYSTEMPATH\CodeIgniter.php(933): App\Controllers\Pemindahan->verifikasiDetail('99', 'L1')
 7 SYSTEMPATH\CodeIgniter.php(507): CodeIgniter\CodeIgniter->runController(Object(App\Controllers\Pemindahan))
 8 SYSTEMPATH\CodeIgniter.php(354): CodeIgniter\CodeIgniter->handleRequest(null, Object(Config\Cache), false)
 9 SYSTEMPATH\Boot.php(334): CodeIgniter\CodeIgniter->run()
10 SYSTEMPATH\Boot.php(67): CodeIgniter\Boot::runCodeIgniter(Object(CodeIgniter\CodeIgniter))
11 FCPATH\index.php(59): CodeIgniter\Boot::bootWeb(Object(Config\Paths))
DEBUG - 2025-08-06 08:09:17 --> Session: Class initialized using 'CodeIgniter\Session\Handlers\FileHandler' driver.
DEBUG - 2025-08-06 08:09:17 --> Session: Class initialized using 'CodeIgniter\Session\Handlers\FileHandler' driver.
DEBUG - 2025-08-06 08:09:21 --> Session: Class initialized using 'CodeIgniter\Session\Handlers\FileHandler' driver.
DEBUG - 2025-08-06 08:09:22 --> Session: Class initialized using 'CodeIgniter\Session\Handlers\FileHandler' driver.
DEBUG - 2025-08-06 08:09:33 --> Session: Class initialized using 'CodeIgniter\Session\Handlers\FileHandler' driver.
DEBUG - 2025-08-06 08:09:33 --> Session: Class initialized using 'CodeIgniter\Session\Handlers\FileHandler' driver.
DEBUG - 2025-08-06 08:09:36 --> Session: Class initialized using 'CodeIgniter\Session\Handlers\FileHandler' driver.
DEBUG - 2025-08-06 08:09:36 --> Session: Class initialized using 'CodeIgniter\Session\Handlers\FileHandler' driver.
DEBUG - 2025-08-06 08:21:14 --> Session: Class initialized using 'CodeIgniter\Session\Handlers\FileHandler' driver.
ERROR - 2025-08-06 08:21:14 --> mysqli_sql_exception: Column 'id' in field list is ambiguous in C:\laragon\www\beta_project\system\Database\MySQLi\Connection.php:327
Stack trace:
#0 C:\laragon\www\beta_project\system\Database\MySQLi\Connection.php(327): mysqli->query('SELECT `id`, `n...', 0)
#1 C:\laragon\www\beta_project\system\Database\BaseConnection.php(738): CodeIgniter\Database\MySQLi\Connection->execute('SELECT `id`, `n...')
#2 C:\laragon\www\beta_project\system\Database\BaseConnection.php(652): CodeIgniter\Database\BaseConnection->simpleQuery('SELECT `id`, `n...')
#3 C:\laragon\www\beta_project\system\Database\BaseBuilder.php(1649): CodeIgniter\Database\BaseConnection->query('SELECT `id`, `n...', Array, false)
#4 C:\laragon\www\beta_project\app\Controllers\Pemindahan.php(54): CodeIgniter\Database\BaseBuilder->get()
#5 C:\laragon\www\beta_project\app\Controllers\Pemindahan.php(70): App\Controllers\Pemindahan->_getVerifierList('82')
#6 C:\laragon\www\beta_project\system\CodeIgniter.php(933): App\Controllers\Pemindahan->index()
#7 C:\laragon\www\beta_project\system\CodeIgniter.php(507): CodeIgniter\CodeIgniter->runController(Object(App\Controllers\Pemindahan))
#8 C:\laragon\www\beta_project\system\CodeIgniter.php(354): CodeIgniter\CodeIgniter->handleRequest(NULL, Object(Config\Cache), false)
#9 C:\laragon\www\beta_project\system\Boot.php(334): CodeIgniter\CodeIgniter->run()
#10 C:\laragon\www\beta_project\system\Boot.php(67): CodeIgniter\Boot::runCodeIgniter(Object(CodeIgniter\CodeIgniter))
#11 C:\laragon\www\beta_project\public\index.php(59): CodeIgniter\Boot::bootWeb(Object(Config\Paths))
#12 {main}
CRITICAL - 2025-08-06 08:21:14 --> CodeIgniter\Database\Exceptions\DatabaseException: Column 'id' in field list is ambiguous
[Method: GET, Route: pemindahan]
in SYSTEMPATH\Database\BaseConnection.php on line 692.
 1 SYSTEMPATH\Database\BaseBuilder.php(1649): CodeIgniter\Database\BaseConnection->query('SELECT `id`, `name`
FROM `users`
LEFT JOIN `hak_fitur` ON `hak_fitur`.`id_user` = `users`.`id`
WHERE `hak_fitur`.`id_es2` = :hak_fitur.id_es2:
AND `users`.`role_access` != :users.role_access:
GROUP BY `users`.`id`', [...], false)
 2 APPPATH\Controllers\Pemindahan.php(54): CodeIgniter\Database\BaseBuilder->get()
 3 APPPATH\Controllers\Pemindahan.php(70): App\Controllers\Pemindahan->_getVerifierList('82')
 4 SYSTEMPATH\CodeIgniter.php(933): App\Controllers\Pemindahan->index()
 5 SYSTEMPATH\CodeIgniter.php(507): CodeIgniter\CodeIgniter->runController(Object(App\Controllers\Pemindahan))
 6 SYSTEMPATH\CodeIgniter.php(354): CodeIgniter\CodeIgniter->handleRequest(null, Object(Config\Cache), false)
 7 SYSTEMPATH\Boot.php(334): CodeIgniter\CodeIgniter->run()
 8 SYSTEMPATH\Boot.php(67): CodeIgniter\Boot::runCodeIgniter(Object(CodeIgniter\CodeIgniter))
 9 FCPATH\index.php(59): CodeIgniter\Boot::bootWeb(Object(Config\Paths))
CRITICAL - 2025-08-06 08:21:14 --> [Caused by] CodeIgniter\Database\Exceptions\DatabaseException: Column 'id' in field list is ambiguous
in SYSTEMPATH\Database\MySQLi\Connection.php on line 332.
 1 SYSTEMPATH\Database\BaseConnection.php(738): CodeIgniter\Database\MySQLi\Connection->execute('SELECT `id`, `name`
FROM `users`
LEFT JOIN `hak_fitur` ON `hak_fitur`.`id_user` = `users`.`id`
WHERE `hak_fitur`.`id_es2` = \'82\'
AND `users`.`role_access` != \'user\'
GROUP BY `users`.`id`')
 2 SYSTEMPATH\Database\BaseConnection.php(652): CodeIgniter\Database\BaseConnection->simpleQuery('SELECT `id`, `name`
FROM `users`
LEFT JOIN `hak_fitur` ON `hak_fitur`.`id_user` = `users`.`id`
WHERE `hak_fitur`.`id_es2` = \'82\'
AND `users`.`role_access` != \'user\'
GROUP BY `users`.`id`')
 3 SYSTEMPATH\Database\BaseBuilder.php(1649): CodeIgniter\Database\BaseConnection->query('SELECT `id`, `name`
FROM `users`
LEFT JOIN `hak_fitur` ON `hak_fitur`.`id_user` = `users`.`id`
WHERE `hak_fitur`.`id_es2` = :hak_fitur.id_es2:
AND `users`.`role_access` != :users.role_access:
GROUP BY `users`.`id`', [...], false)
 4 APPPATH\Controllers\Pemindahan.php(54): CodeIgniter\Database\BaseBuilder->get()
 5 APPPATH\Controllers\Pemindahan.php(70): App\Controllers\Pemindahan->_getVerifierList('82')
 6 SYSTEMPATH\CodeIgniter.php(933): App\Controllers\Pemindahan->index()
 7 SYSTEMPATH\CodeIgniter.php(507): CodeIgniter\CodeIgniter->runController(Object(App\Controllers\Pemindahan))
 8 SYSTEMPATH\CodeIgniter.php(354): CodeIgniter\CodeIgniter->handleRequest(null, Object(Config\Cache), false)
 9 SYSTEMPATH\Boot.php(334): CodeIgniter\CodeIgniter->run()
10 SYSTEMPATH\Boot.php(67): CodeIgniter\Boot::runCodeIgniter(Object(CodeIgniter\CodeIgniter))
11 FCPATH\index.php(59): CodeIgniter\Boot::bootWeb(Object(Config\Paths))
CRITICAL - 2025-08-06 08:21:14 --> [Caused by] mysqli_sql_exception: Column 'id' in field list is ambiguous
in SYSTEMPATH\Database\MySQLi\Connection.php on line 327.
 1 SYSTEMPATH\Database\MySQLi\Connection.php(327): mysqli->query('SELECT `id`, `name`
FROM `users`
LEFT JOIN `hak_fitur` ON `hak_fitur`.`id_user` = `users`.`id`
WHERE `hak_fitur`.`id_es2` = \'82\'
AND `users`.`role_access` != \'user\'
GROUP BY `users`.`id`', 0)
 2 SYSTEMPATH\Database\BaseConnection.php(738): CodeIgniter\Database\MySQLi\Connection->execute('SELECT `id`, `name`
FROM `users`
LEFT JOIN `hak_fitur` ON `hak_fitur`.`id_user` = `users`.`id`
WHERE `hak_fitur`.`id_es2` = \'82\'
AND `users`.`role_access` != \'user\'
GROUP BY `users`.`id`')
 3 SYSTEMPATH\Database\BaseConnection.php(652): CodeIgniter\Database\BaseConnection->simpleQuery('SELECT `id`, `name`
FROM `users`
LEFT JOIN `hak_fitur` ON `hak_fitur`.`id_user` = `users`.`id`
WHERE `hak_fitur`.`id_es2` = \'82\'
AND `users`.`role_access` != \'user\'
GROUP BY `users`.`id`')
 4 SYSTEMPATH\Database\BaseBuilder.php(1649): CodeIgniter\Database\BaseConnection->query('SELECT `id`, `name`
FROM `users`
LEFT JOIN `hak_fitur` ON `hak_fitur`.`id_user` = `users`.`id`
WHERE `hak_fitur`.`id_es2` = :hak_fitur.id_es2:
AND `users`.`role_access` != :users.role_access:
GROUP BY `users`.`id`', [...], false)
 5 APPPATH\Controllers\Pemindahan.php(54): CodeIgniter\Database\BaseBuilder->get()
 6 APPPATH\Controllers\Pemindahan.php(70): App\Controllers\Pemindahan->_getVerifierList('82')
 7 SYSTEMPATH\CodeIgniter.php(933): App\Controllers\Pemindahan->index()
 8 SYSTEMPATH\CodeIgniter.php(507): CodeIgniter\CodeIgniter->runController(Object(App\Controllers\Pemindahan))
 9 SYSTEMPATH\CodeIgniter.php(354): CodeIgniter\CodeIgniter->handleRequest(null, Object(Config\Cache), false)
10 SYSTEMPATH\Boot.php(334): CodeIgniter\CodeIgniter->run()
11 SYSTEMPATH\Boot.php(67): CodeIgniter\Boot::runCodeIgniter(Object(CodeIgniter\CodeIgniter))
12 FCPATH\index.php(59): CodeIgniter\Boot::bootWeb(Object(Config\Paths))
DEBUG - 2025-08-06 08:26:47 --> Session: Class initialized using 'CodeIgniter\Session\Handlers\FileHandler' driver.
CRITICAL - 2025-08-06 08:26:47 --> ParseError: syntax error, unexpected single-quoted string " . $e->getMessage());", expecting ")"
[Method: GET, Route: pemindahan]
in APPPATH\Controllers\Pemindahan.php on line 142.
 1 SYSTEMPATH\Autoloader\Autoloader.php(295): CodeIgniter\Autoloader\Autoloader->includeFile('C:\\laragon\\www\\beta_project\\app\\Controllers\\Pemindahan.php')
 2 SYSTEMPATH\Autoloader\Autoloader.php(271): CodeIgniter\Autoloader\Autoloader->loadInNamespace('App\\Controllers\\Pemindahan')
 3 [internal function]: CodeIgniter\Autoloader\Autoloader->loadClass('App\\Controllers\\Pemindahan')
 4 SYSTEMPATH\CodeIgniter.php(885): class_exists('\\App\\Controllers\\Pemindahan', true)
 5 SYSTEMPATH\CodeIgniter.php(494): CodeIgniter\CodeIgniter->startController()
 6 SYSTEMPATH\CodeIgniter.php(354): CodeIgniter\CodeIgniter->handleRequest(null, Object(Config\Cache), false)
 7 SYSTEMPATH\Boot.php(334): CodeIgniter\CodeIgniter->run()
 8 SYSTEMPATH\Boot.php(67): CodeIgniter\Boot::runCodeIgniter(Object(CodeIgniter\CodeIgniter))
 9 FCPATH\index.php(59): CodeIgniter\Boot::bootWeb(Object(Config\Paths))
DEBUG - 2025-08-06 08:26:49 --> Session: Class initialized using 'CodeIgniter\Session\Handlers\FileHandler' driver.
DEBUG - 2025-08-06 08:26:51 --> Session: Class initialized using 'CodeIgniter\Session\Handlers\FileHandler' driver.
CRITICAL - 2025-08-06 08:26:51 --> ParseError: syntax error, unexpected single-quoted string " . $e->getMessage());", expecting ")"
[Method: GET, Route: pemindahan]
in APPPATH\Controllers\Pemindahan.php on line 142.
 1 SYSTEMPATH\Autoloader\Autoloader.php(295): CodeIgniter\Autoloader\Autoloader->includeFile('C:\\laragon\\www\\beta_project\\app\\Controllers\\Pemindahan.php')
 2 SYSTEMPATH\Autoloader\Autoloader.php(271): CodeIgniter\Autoloader\Autoloader->loadInNamespace('App\\Controllers\\Pemindahan')
 3 [internal function]: CodeIgniter\Autoloader\Autoloader->loadClass('App\\Controllers\\Pemindahan')
 4 SYSTEMPATH\CodeIgniter.php(885): class_exists('\\App\\Controllers\\Pemindahan', true)
 5 SYSTEMPATH\CodeIgniter.php(494): CodeIgniter\CodeIgniter->startController()
 6 SYSTEMPATH\CodeIgniter.php(354): CodeIgniter\CodeIgniter->handleRequest(null, Object(Config\Cache), false)
 7 SYSTEMPATH\Boot.php(334): CodeIgniter\CodeIgniter->run()
 8 SYSTEMPATH\Boot.php(67): CodeIgniter\Boot::runCodeIgniter(Object(CodeIgniter\CodeIgniter))
 9 FCPATH\index.php(59): CodeIgniter\Boot::bootWeb(Object(Config\Paths))
DEBUG - 2025-08-06 08:27:23 --> Session: Class initialized using 'CodeIgniter\Session\Handlers\FileHandler' driver.
DEBUG - 2025-08-06 08:29:36 --> Session: Class initialized using 'CodeIgniter\Session\Handlers\FileHandler' driver.
DEBUG - 2025-08-06 08:29:36 --> Session: Class initialized using 'CodeIgniter\Session\Handlers\FileHandler' driver.
DEBUG - 2025-08-06 08:29:51 --> Session: Class initialized using 'CodeIgniter\Session\Handlers\FileHandler' driver.
DEBUG - 2025-08-06 08:29:51 --> Session: Class initialized using 'CodeIgniter\Session\Handlers\FileHandler' driver.
DEBUG - 2025-08-06 08:30:01 --> Session: Class initialized using 'CodeIgniter\Session\Handlers\FileHandler' driver.
DEBUG - 2025-08-06 08:30:01 --> Session: Class initialized using 'CodeIgniter\Session\Handlers\FileHandler' driver.
DEBUG - 2025-08-06 08:30:06 --> Session: Class initialized using 'CodeIgniter\Session\Handlers\FileHandler' driver.
DEBUG - 2025-08-06 08:30:06 --> Session: Class initialized using 'CodeIgniter\Session\Handlers\FileHandler' driver.
DEBUG - 2025-08-06 08:30:11 --> Session: Class initialized using 'CodeIgniter\Session\Handlers\FileHandler' driver.
DEBUG - 2025-08-06 08:30:16 --> Session: Class initialized using 'CodeIgniter\Session\Handlers\FileHandler' driver.
DEBUG - 2025-08-06 08:30:16 --> Session: Class initialized using 'CodeIgniter\Session\Handlers\FileHandler' driver.
DEBUG - 2025-08-06 08:30:34 --> Session: Class initialized using 'CodeIgniter\Session\Handlers\FileHandler' driver.
DEBUG - 2025-08-06 08:33:53 --> Session: Class initialized using 'CodeIgniter\Session\Handlers\FileHandler' driver.
DEBUG - 2025-08-06 08:33:54 --> Session: Class initialized using 'CodeIgniter\Session\Handlers\FileHandler' driver.
DEBUG - 2025-08-06 08:33:54 --> Session: Class initialized using 'CodeIgniter\Session\Handlers\FileHandler' driver.
DEBUG - 2025-08-06 08:33:59 --> Session: Class initialized using 'CodeIgniter\Session\Handlers\FileHandler' driver.
DEBUG - 2025-08-06 08:34:19 --> Session: Class initialized using 'CodeIgniter\Session\Handlers\FileHandler' driver.
DEBUG - 2025-08-06 08:34:19 --> Session: Class initialized using 'CodeIgniter\Session\Handlers\FileHandler' driver.
DEBUG - 2025-08-06 08:34:19 --> Session: Class initialized using 'CodeIgniter\Session\Handlers\FileHandler' driver.
DEBUG - 2025-08-06 08:34:22 --> Session: Class initialized using 'CodeIgniter\Session\Handlers\FileHandler' driver.
DEBUG - 2025-08-06 08:34:27 --> Session: Class initialized using 'CodeIgniter\Session\Handlers\FileHandler' driver.
DEBUG - 2025-08-06 08:34:27 --> Session: Class initialized using 'CodeIgniter\Session\Handlers\FileHandler' driver.
DEBUG - 2025-08-06 08:34:35 --> Session: Class initialized using 'CodeIgniter\Session\Handlers\FileHandler' driver.
DEBUG - 2025-08-06 08:34:42 --> Session: Class initialized using 'CodeIgniter\Session\Handlers\FileHandler' driver.
DEBUG - 2025-08-06 08:42:49 --> Session: Class initialized using 'CodeIgniter\Session\Handlers\FileHandler' driver.
DEBUG - 2025-08-06 08:42:54 --> Session: Class initialized using 'CodeIgniter\Session\Handlers\FileHandler' driver.
DEBUG - 2025-08-06 08:44:25 --> Session: Class initialized using 'CodeIgniter\Session\Handlers\FileHandler' driver.
DEBUG - 2025-08-06 08:44:25 --> Session: Class initialized using 'CodeIgniter\Session\Handlers\FileHandler' driver.
DEBUG - 2025-08-06 08:44:27 --> Session: Class initialized using 'CodeIgniter\Session\Handlers\FileHandler' driver.
DEBUG - 2025-08-06 08:44:29 --> Session: Class initialized using 'CodeIgniter\Session\Handlers\FileHandler' driver.
DEBUG - 2025-08-06 08:44:49 --> Session: Class initialized using 'CodeIgniter\Session\Handlers\FileHandler' driver.
DEBUG - 2025-08-06 08:44:50 --> Session: Class initialized using 'CodeIgniter\Session\Handlers\FileHandler' driver.
DEBUG - 2025-08-06 08:44:59 --> Session: Class initialized using 'CodeIgniter\Session\Handlers\FileHandler' driver.
DEBUG - 2025-08-06 08:44:59 --> Session: Class initialized using 'CodeIgniter\Session\Handlers\FileHandler' driver.
DEBUG - 2025-08-06 08:44:59 --> Session: Class initialized using 'CodeIgniter\Session\Handlers\FileHandler' driver.
DEBUG - 2025-08-06 08:45:02 --> Session: Class initialized using 'CodeIgniter\Session\Handlers\FileHandler' driver.
DEBUG - 2025-08-06 08:45:04 --> Session: Class initialized using 'CodeIgniter\Session\Handlers\FileHandler' driver.
DEBUG - 2025-08-06 08:45:10 --> Session: Class initialized using 'CodeIgniter\Session\Handlers\FileHandler' driver.
DEBUG - 2025-08-06 08:45:11 --> Session: Class initialized using 'CodeIgniter\Session\Handlers\FileHandler' driver.
DEBUG - 2025-08-06 08:45:19 --> Session: Class initialized using 'CodeIgniter\Session\Handlers\FileHandler' driver.
DEBUG - 2025-08-06 08:45:19 --> Session: Class initialized using 'CodeIgniter\Session\Handlers\FileHandler' driver.
DEBUG - 2025-08-06 08:45:19 --> Session: Class initialized using 'CodeIgniter\Session\Handlers\FileHandler' driver.
DEBUG - 2025-08-06 08:45:26 --> Session: Class initialized using 'CodeIgniter\Session\Handlers\FileHandler' driver.
DEBUG - 2025-08-06 08:45:26 --> Session: Class initialized using 'CodeIgniter\Session\Handlers\FileHandler' driver.
DEBUG - 2025-08-06 08:45:31 --> Session: Class initialized using 'CodeIgniter\Session\Handlers\FileHandler' driver.
DEBUG - 2025-08-06 08:45:31 --> Session: Class initialized using 'CodeIgniter\Session\Handlers\FileHandler' driver.
DEBUG - 2025-08-06 08:45:34 --> Session: Class initialized using 'CodeIgniter\Session\Handlers\FileHandler' driver.
DEBUG - 2025-08-06 08:46:05 --> Session: Class initialized using 'CodeIgniter\Session\Handlers\FileHandler' driver.
DEBUG - 2025-08-06 08:46:09 --> Session: Class initialized using 'CodeIgniter\Session\Handlers\FileHandler' driver.
DEBUG - 2025-08-06 08:46:26 --> Session: Class initialized using 'CodeIgniter\Session\Handlers\FileHandler' driver.
DEBUG - 2025-08-06 08:46:26 --> Session: Class initialized using 'CodeIgniter\Session\Handlers\FileHandler' driver.
DEBUG - 2025-08-06 08:46:27 --> Session: Class initialized using 'CodeIgniter\Session\Handlers\FileHandler' driver.
DEBUG - 2025-08-06 08:46:35 --> Session: Class initialized using 'CodeIgniter\Session\Handlers\FileHandler' driver.
DEBUG - 2025-08-06 08:46:36 --> Session: Class initialized using 'CodeIgniter\Session\Handlers\FileHandler' driver.
DEBUG - 2025-08-06 08:46:36 --> Session: Class initialized using 'CodeIgniter\Session\Handlers\FileHandler' driver.
DEBUG - 2025-08-06 08:46:38 --> Session: Class initialized using 'CodeIgniter\Session\Handlers\FileHandler' driver.
DEBUG - 2025-08-06 08:46:38 --> Session: Class initialized using 'CodeIgniter\Session\Handlers\FileHandler' driver.
DEBUG - 2025-08-06 08:48:15 --> Session: Class initialized using 'CodeIgniter\Session\Handlers\FileHandler' driver.
DEBUG - 2025-08-06 08:48:25 --> Session: Class initialized using 'CodeIgniter\Session\Handlers\FileHandler' driver.
DEBUG - 2025-08-06 08:48:27 --> Session: Class initialized using 'CodeIgniter\Session\Handlers\FileHandler' driver.
DEBUG - 2025-08-06 08:48:30 --> Session: Class initialized using 'CodeIgniter\Session\Handlers\FileHandler' driver.
DEBUG - 2025-08-06 08:48:30 --> Session: Class initialized using 'CodeIgniter\Session\Handlers\FileHandler' driver.
DEBUG - 2025-08-06 08:48:30 --> Session: Class initialized using 'CodeIgniter\Session\Handlers\FileHandler' driver.
DEBUG - 2025-08-06 08:48:36 --> Session: Class initialized using 'CodeIgniter\Session\Handlers\FileHandler' driver.
DEBUG - 2025-08-06 08:48:40 --> Session: Class initialized using 'CodeIgniter\Session\Handlers\FileHandler' driver.
DEBUG - 2025-08-06 08:48:41 --> Session: Class initialized using 'CodeIgniter\Session\Handlers\FileHandler' driver.
DEBUG - 2025-08-06 08:48:42 --> Session: Class initialized using 'CodeIgniter\Session\Handlers\FileHandler' driver.
DEBUG - 2025-08-06 08:49:09 --> Session: Class initialized using 'CodeIgniter\Session\Handlers\FileHandler' driver.
DEBUG - 2025-08-06 08:49:09 --> Session: Class initialized using 'CodeIgniter\Session\Handlers\FileHandler' driver.
DEBUG - 2025-08-06 08:49:10 --> Session: Class initialized using 'CodeIgniter\Session\Handlers\FileHandler' driver.
DEBUG - 2025-08-06 08:49:11 --> Session: Class initialized using 'CodeIgniter\Session\Handlers\FileHandler' driver.
DEBUG - 2025-08-06 08:49:11 --> Session: Class initialized using 'CodeIgniter\Session\Handlers\FileHandler' driver.
DEBUG - 2025-08-06 08:49:12 --> Session: Class initialized using 'CodeIgniter\Session\Handlers\FileHandler' driver.
DEBUG - 2025-08-06 08:49:18 --> Session: Class initialized using 'CodeIgniter\Session\Handlers\FileHandler' driver.
DEBUG - 2025-08-06 08:49:22 --> Session: Class initialized using 'CodeIgniter\Session\Handlers\FileHandler' driver.
DEBUG - 2025-08-06 08:49:25 --> Session: Class initialized using 'CodeIgniter\Session\Handlers\FileHandler' driver.
DEBUG - 2025-08-06 08:49:25 --> Session: Class initialized using 'CodeIgniter\Session\Handlers\FileHandler' driver.
DEBUG - 2025-08-06 08:49:25 --> Session: Class initialized using 'CodeIgniter\Session\Handlers\FileHandler' driver.
DEBUG - 2025-08-06 08:49:43 --> Session: Class initialized using 'CodeIgniter\Session\Handlers\FileHandler' driver.
DEBUG - 2025-08-06 08:49:43 --> Session: Class initialized using 'CodeIgniter\Session\Handlers\FileHandler' driver.
DEBUG - 2025-08-06 08:50:00 --> Session: Class initialized using 'CodeIgniter\Session\Handlers\FileHandler' driver.
DEBUG - 2025-08-06 08:50:01 --> Session: Class initialized using 'CodeIgniter\Session\Handlers\FileHandler' driver.
DEBUG - 2025-08-06 08:50:04 --> Session: Class initialized using 'CodeIgniter\Session\Handlers\FileHandler' driver.
DEBUG - 2025-08-06 08:50:05 --> Session: Class initialized using 'CodeIgniter\Session\Handlers\FileHandler' driver.
DEBUG - 2025-08-06 08:50:06 --> Session: Class initialized using 'CodeIgniter\Session\Handlers\FileHandler' driver.
DEBUG - 2025-08-06 08:50:06 --> Session: Class initialized using 'CodeIgniter\Session\Handlers\FileHandler' driver.
DEBUG - 2025-08-06 08:50:42 --> Session: Class initialized using 'CodeIgniter\Session\Handlers\FileHandler' driver.
DEBUG - 2025-08-06 08:50:42 --> Session: Class initialized using 'CodeIgniter\Session\Handlers\FileHandler' driver.
DEBUG - 2025-08-06 08:50:42 --> Session: Class initialized using 'CodeIgniter\Session\Handlers\FileHandler' driver.
DEBUG - 2025-08-06 08:50:47 --> Session: Class initialized using 'CodeIgniter\Session\Handlers\FileHandler' driver.
DEBUG - 2025-08-06 08:50:47 --> Session: Class initialized using 'CodeIgniter\Session\Handlers\FileHandler' driver.
DEBUG - 2025-08-06 08:51:19 --> Session: Class initialized using 'CodeIgniter\Session\Handlers\FileHandler' driver.
DEBUG - 2025-08-06 08:51:19 --> Session: Class initialized using 'CodeIgniter\Session\Handlers\FileHandler' driver.
DEBUG - 2025-08-06 08:51:20 --> Session: Class initialized using 'CodeIgniter\Session\Handlers\FileHandler' driver.
DEBUG - 2025-08-06 08:51:31 --> Session: Class initialized using 'CodeIgniter\Session\Handlers\FileHandler' driver.
DEBUG - 2025-08-06 08:51:32 --> Session: Class initialized using 'CodeIgniter\Session\Handlers\FileHandler' driver.
DEBUG - 2025-08-06 08:52:46 --> Session: Class initialized using 'CodeIgniter\Session\Handlers\FileHandler' driver.
DEBUG - 2025-08-06 08:52:50 --> Session: Class initialized using 'CodeIgniter\Session\Handlers\FileHandler' driver.
DEBUG - 2025-08-06 08:52:51 --> Session: Class initialized using 'CodeIgniter\Session\Handlers\FileHandler' driver.
DEBUG - 2025-08-06 08:52:52 --> Session: Class initialized using 'CodeIgniter\Session\Handlers\FileHandler' driver.
DEBUG - 2025-08-06 08:53:18 --> Session: Class initialized using 'CodeIgniter\Session\Handlers\FileHandler' driver.
DEBUG - 2025-08-06 08:53:18 --> Session: Class initialized using 'CodeIgniter\Session\Handlers\FileHandler' driver.
DEBUG - 2025-08-06 08:53:18 --> Session: Class initialized using 'CodeIgniter\Session\Handlers\FileHandler' driver.
DEBUG - 2025-08-06 08:53:25 --> Session: Class initialized using 'CodeIgniter\Session\Handlers\FileHandler' driver.
DEBUG - 2025-08-06 08:53:26 --> Session: Class initialized using 'CodeIgniter\Session\Handlers\FileHandler' driver.
DEBUG - 2025-08-06 08:53:32 --> Session: Class initialized using 'CodeIgniter\Session\Handlers\FileHandler' driver.
DEBUG - 2025-08-06 08:53:32 --> Session: Class initialized using 'CodeIgniter\Session\Handlers\FileHandler' driver.
DEBUG - 2025-08-06 08:53:34 --> Session: Class initialized using 'CodeIgniter\Session\Handlers\FileHandler' driver.
DEBUG - 2025-08-06 08:53:43 --> Session: Class initialized using 'CodeIgniter\Session\Handlers\FileHandler' driver.
DEBUG - 2025-08-06 08:53:44 --> Session: Class initialized using 'CodeIgniter\Session\Handlers\FileHandler' driver.
DEBUG - 2025-08-06 08:53:46 --> Session: Class initialized using 'CodeIgniter\Session\Handlers\FileHandler' driver.
DEBUG - 2025-08-06 08:53:46 --> Session: Class initialized using 'CodeIgniter\Session\Handlers\FileHandler' driver.
DEBUG - 2025-08-06 08:53:46 --> Session: Class initialized using 'CodeIgniter\Session\Handlers\FileHandler' driver.
DEBUG - 2025-08-06 08:53:48 --> Session: Class initialized using 'CodeIgniter\Session\Handlers\FileHandler' driver.
DEBUG - 2025-08-06 08:53:48 --> Session: Class initialized using 'CodeIgniter\Session\Handlers\FileHandler' driver.
DEBUG - 2025-08-06 08:54:04 --> Session: Class initialized using 'CodeIgniter\Session\Handlers\FileHandler' driver.
DEBUG - 2025-08-06 08:54:05 --> Session: Class initialized using 'CodeIgniter\Session\Handlers\FileHandler' driver.
DEBUG - 2025-08-06 08:54:05 --> Session: Class initialized using 'CodeIgniter\Session\Handlers\FileHandler' driver.
DEBUG - 2025-08-06 08:54:08 --> Session: Class initialized using 'CodeIgniter\Session\Handlers\FileHandler' driver.
DEBUG - 2025-08-06 08:54:47 --> Session: Class initialized using 'CodeIgniter\Session\Handlers\FileHandler' driver.
DEBUG - 2025-08-06 08:54:48 --> Session: Class initialized using 'CodeIgniter\Session\Handlers\FileHandler' driver.
DEBUG - 2025-08-06 08:54:55 --> Session: Class initialized using 'CodeIgniter\Session\Handlers\FileHandler' driver.
DEBUG - 2025-08-06 08:54:55 --> Session: Class initialized using 'CodeIgniter\Session\Handlers\FileHandler' driver.
DEBUG - 2025-08-06 08:57:50 --> Session: Class initialized using 'CodeIgniter\Session\Handlers\FileHandler' driver.
DEBUG - 2025-08-06 08:57:52 --> Session: Class initialized using 'CodeIgniter\Session\Handlers\FileHandler' driver.
DEBUG - 2025-08-06 08:57:52 --> Session: Class initialized using 'CodeIgniter\Session\Handlers\FileHandler' driver.
DEBUG - 2025-08-06 08:57:56 --> Session: Class initialized using 'CodeIgniter\Session\Handlers\FileHandler' driver.
DEBUG - 2025-08-06 08:57:56 --> Session: Class initialized using 'CodeIgniter\Session\Handlers\FileHandler' driver.
DEBUG - 2025-08-06 08:57:57 --> Session: Class initialized using 'CodeIgniter\Session\Handlers\FileHandler' driver.
DEBUG - 2025-08-06 08:58:41 --> Session: Class initialized using 'CodeIgniter\Session\Handlers\FileHandler' driver.
DEBUG - 2025-08-06 08:58:42 --> Session: Class initialized using 'CodeIgniter\Session\Handlers\FileHandler' driver.
DEBUG - 2025-08-06 09:07:11 --> Session: Class initialized using 'CodeIgniter\Session\Handlers\FileHandler' driver.
DEBUG - 2025-08-06 09:07:12 --> Session: Class initialized using 'CodeIgniter\Session\Handlers\FileHandler' driver.
DEBUG - 2025-08-06 09:07:14 --> Session: Class initialized using 'CodeIgniter\Session\Handlers\FileHandler' driver.
CRITICAL - 2025-08-06 09:07:14 --> CodeIgniter\View\Exceptions\ViewException: Invalid file: "pemindahan/tugas_verifikasi.php"
[Method: GET, Route: pemindahan/tugas]
in SYSTEMPATH\Exceptions\FrameworkException.php on line 39.
 1 SYSTEMPATH\View\View.php(212): CodeIgniter\Exceptions\FrameworkException::forInvalidFile('pemindahan/tugas_verifikasi.php')
 2 SYSTEMPATH\Common.php(1173): CodeIgniter\View\View->render('pemindahan/tugas_verifikasi', [], true)
 3 APPPATH\Controllers\Pemindahan.php(296): view('pemindahan/tugas_verifikasi')
 4 SYSTEMPATH\CodeIgniter.php(933): App\Controllers\Pemindahan->tugasVerifikasi()
 5 SYSTEMPATH\CodeIgniter.php(507): CodeIgniter\CodeIgniter->runController(Object(App\Controllers\Pemindahan))
 6 SYSTEMPATH\CodeIgniter.php(354): CodeIgniter\CodeIgniter->handleRequest(null, Object(Config\Cache), false)
 7 SYSTEMPATH\Boot.php(334): CodeIgniter\CodeIgniter->run()
 8 SYSTEMPATH\Boot.php(67): CodeIgniter\Boot::runCodeIgniter(Object(CodeIgniter\CodeIgniter))
 9 FCPATH\index.php(59): CodeIgniter\Boot::bootWeb(Object(Config\Paths))
DEBUG - 2025-08-06 09:09:14 --> Session: Class initialized using 'CodeIgniter\Session\Handlers\FileHandler' driver.
DEBUG - 2025-08-06 09:09:15 --> Session: Class initialized using 'CodeIgniter\Session\Handlers\FileHandler' driver.
DEBUG - 2025-08-06 09:09:17 --> Session: Class initialized using 'CodeIgniter\Session\Handlers\FileHandler' driver.
DEBUG - 2025-08-06 09:09:18 --> Session: Class initialized using 'CodeIgniter\Session\Handlers\FileHandler' driver.
DEBUG - 2025-08-06 09:09:36 --> Session: Class initialized using 'CodeIgniter\Session\Handlers\FileHandler' driver.
DEBUG - 2025-08-06 09:09:36 --> Session: Class initialized using 'CodeIgniter\Session\Handlers\FileHandler' driver.
DEBUG - 2025-08-06 09:09:44 --> Session: Class initialized using 'CodeIgniter\Session\Handlers\FileHandler' driver.
DEBUG - 2025-08-06 09:09:52 --> Session: Class initialized using 'CodeIgniter\Session\Handlers\FileHandler' driver.
DEBUG - 2025-08-06 09:09:53 --> Session: Class initialized using 'CodeIgniter\Session\Handlers\FileHandler' driver.
DEBUG - 2025-08-06 09:10:40 --> Session: Class initialized using 'CodeIgniter\Session\Handlers\FileHandler' driver.
DEBUG - 2025-08-06 09:11:46 --> Session: Class initialized using 'CodeIgniter\Session\Handlers\FileHandler' driver.
DEBUG - 2025-08-06 09:11:47 --> Session: Class initialized using 'CodeIgniter\Session\Handlers\FileHandler' driver.
DEBUG - 2025-08-06 09:11:57 --> Session: Class initialized using 'CodeIgniter\Session\Handlers\FileHandler' driver.
DEBUG - 2025-08-06 09:13:44 --> Session: Class initialized using 'CodeIgniter\Session\Handlers\FileHandler' driver.
DEBUG - 2025-08-06 09:13:44 --> Session: Class initialized using 'CodeIgniter\Session\Handlers\FileHandler' driver.
DEBUG - 2025-08-06 09:14:13 --> Session: Class initialized using 'CodeIgniter\Session\Handlers\FileHandler' driver.
DEBUG - 2025-08-06 09:14:14 --> Session: Class initialized using 'CodeIgniter\Session\Handlers\FileHandler' driver.
DEBUG - 2025-08-06 09:14:16 --> Session: Class initialized using 'CodeIgniter\Session\Handlers\FileHandler' driver.
DEBUG - 2025-08-06 09:14:17 --> Session: Class initialized using 'CodeIgniter\Session\Handlers\FileHandler' driver.
DEBUG - 2025-08-06 09:16:20 --> Session: Class initialized using 'CodeIgniter\Session\Handlers\FileHandler' driver.
DEBUG - 2025-08-06 09:16:20 --> Session: Class initialized using 'CodeIgniter\Session\Handlers\FileHandler' driver.
ERROR - 2025-08-06 09:16:20 --> mysqli_sql_exception: Unknown column 'tgl_usulan' in 'order clause' in C:\laragon\www\beta_project\system\Database\MySQLi\Connection.php:327
Stack trace:
#0 C:\laragon\www\beta_project\system\Database\MySQLi\Connection.php(327): mysqli->query('SELECT *\nFROM `...', 0)
#1 C:\laragon\www\beta_project\system\Database\BaseConnection.php(738): CodeIgniter\Database\MySQLi\Connection->execute('SELECT *\nFROM `...')
#2 C:\laragon\www\beta_project\system\Database\BaseConnection.php(652): CodeIgniter\Database\BaseConnection->simpleQuery('SELECT *\nFROM `...')
#3 C:\laragon\www\beta_project\system\Database\BaseBuilder.php(1649): CodeIgniter\Database\BaseConnection->query('SELECT *\nFROM `...', Array, false)
#4 C:\laragon\www\beta_project\app\Controllers\Pemindahan.php(436): CodeIgniter\Database\BaseBuilder->get()
#5 C:\laragon\www\beta_project\system\CodeIgniter.php(933): App\Controllers\Pemindahan->getDataTugas()
#6 C:\laragon\www\beta_project\system\CodeIgniter.php(507): CodeIgniter\CodeIgniter->runController(Object(App\Controllers\Pemindahan))
#7 C:\laragon\www\beta_project\system\CodeIgniter.php(354): CodeIgniter\CodeIgniter->handleRequest(NULL, Object(Config\Cache), false)
#8 C:\laragon\www\beta_project\system\Boot.php(334): CodeIgniter\CodeIgniter->run()
#9 C:\laragon\www\beta_project\system\Boot.php(67): CodeIgniter\Boot::runCodeIgniter(Object(CodeIgniter\CodeIgniter))
#10 C:\laragon\www\beta_project\public\index.php(59): CodeIgniter\Boot::bootWeb(Object(Config\Paths))
#11 {main}
ERROR - 2025-08-06 09:16:20 --> [Pemindahan_GetDataTugas] DatabaseException: Unknown column 'tgl_usulan' in 'order clause'
DEBUG - 2025-08-06 09:20:26 --> Session: Class initialized using 'CodeIgniter\Session\Handlers\FileHandler' driver.
DEBUG - 2025-08-06 09:20:30 --> Session: Class initialized using 'CodeIgniter\Session\Handlers\FileHandler' driver.
DEBUG - 2025-08-06 09:20:30 --> Session: Class initialized using 'CodeIgniter\Session\Handlers\FileHandler' driver.
DEBUG - 2025-08-06 09:20:39 --> Session: Class initialized using 'CodeIgniter\Session\Handlers\FileHandler' driver.
DEBUG - 2025-08-06 09:20:39 --> Session: Class initialized using 'CodeIgniter\Session\Handlers\FileHandler' driver.
DEBUG - 2025-08-06 09:20:41 --> Session: Class initialized using 'CodeIgniter\Session\Handlers\FileHandler' driver.
DEBUG - 2025-08-06 09:20:49 --> Session: Class initialized using 'CodeIgniter\Session\Handlers\FileHandler' driver.
DEBUG - 2025-08-06 09:20:52 --> Session: Class initialized using 'CodeIgniter\Session\Handlers\FileHandler' driver.
DEBUG - 2025-08-06 09:20:52 --> Session: Class initialized using 'CodeIgniter\Session\Handlers\FileHandler' driver.
DEBUG - 2025-08-06 09:20:58 --> Session: Class initialized using 'CodeIgniter\Session\Handlers\FileHandler' driver.
DEBUG - 2025-08-06 09:22:24 --> Session: Class initialized using 'CodeIgniter\Session\Handlers\FileHandler' driver.
DEBUG - 2025-08-06 09:27:01 --> Session: Class initialized using 'CodeIgniter\Session\Handlers\FileHandler' driver.
DEBUG - 2025-08-06 09:27:01 --> Session: Class initialized using 'CodeIgniter\Session\Handlers\FileHandler' driver.
ERROR - 2025-08-06 09:27:02 --> mysqli_sql_exception: Unknown column 'tgl_usulan' in 'order clause' in C:\laragon\www\beta_project\system\Database\MySQLi\Connection.php:327
Stack trace:
#0 C:\laragon\www\beta_project\system\Database\MySQLi\Connection.php(327): mysqli->query('SELECT *\nFROM `...', 0)
#1 C:\laragon\www\beta_project\system\Database\BaseConnection.php(738): CodeIgniter\Database\MySQLi\Connection->execute('SELECT *\nFROM `...')
#2 C:\laragon\www\beta_project\system\Database\BaseConnection.php(652): CodeIgniter\Database\BaseConnection->simpleQuery('SELECT *\nFROM `...')
#3 C:\laragon\www\beta_project\system\Database\BaseBuilder.php(1649): CodeIgniter\Database\BaseConnection->query('SELECT *\nFROM `...', Array, false)
#4 C:\laragon\www\beta_project\app\Controllers\Pemindahan.php(436): CodeIgniter\Database\BaseBuilder->get()
#5 C:\laragon\www\beta_project\system\CodeIgniter.php(933): App\Controllers\Pemindahan->getDataTugas()
#6 C:\laragon\www\beta_project\system\CodeIgniter.php(507): CodeIgniter\CodeIgniter->runController(Object(App\Controllers\Pemindahan))
#7 C:\laragon\www\beta_project\system\CodeIgniter.php(354): CodeIgniter\CodeIgniter->handleRequest(NULL, Object(Config\Cache), false)
#8 C:\laragon\www\beta_project\system\Boot.php(334): CodeIgniter\CodeIgniter->run()
#9 C:\laragon\www\beta_project\system\Boot.php(67): CodeIgniter\Boot::runCodeIgniter(Object(CodeIgniter\CodeIgniter))
#10 C:\laragon\www\beta_project\public\index.php(59): CodeIgniter\Boot::bootWeb(Object(Config\Paths))
#11 {main}
ERROR - 2025-08-06 09:27:02 --> [Pemindahan_GetDataTugas] DatabaseException: Unknown column 'tgl_usulan' in 'order clause'
DEBUG - 2025-08-06 09:28:11 --> Session: Class initialized using 'CodeIgniter\Session\Handlers\FileHandler' driver.
DEBUG - 2025-08-06 09:28:12 --> Session: Class initialized using 'CodeIgniter\Session\Handlers\FileHandler' driver.
ERROR - 2025-08-06 09:28:12 --> mysqli_sql_exception: Unknown column 'tgl_usulan' in 'order clause' in C:\laragon\www\beta_project\system\Database\MySQLi\Connection.php:327
Stack trace:
#0 C:\laragon\www\beta_project\system\Database\MySQLi\Connection.php(327): mysqli->query('SELECT *\nFROM `...', 0)
#1 C:\laragon\www\beta_project\system\Database\BaseConnection.php(738): CodeIgniter\Database\MySQLi\Connection->execute('SELECT *\nFROM `...')
#2 C:\laragon\www\beta_project\system\Database\BaseConnection.php(652): CodeIgniter\Database\BaseConnection->simpleQuery('SELECT *\nFROM `...')
#3 C:\laragon\www\beta_project\system\Database\BaseBuilder.php(1649): CodeIgniter\Database\BaseConnection->query('SELECT *\nFROM `...', Array, false)
#4 C:\laragon\www\beta_project\app\Controllers\Pemindahan.php(445): CodeIgniter\Database\BaseBuilder->get()
#5 C:\laragon\www\beta_project\system\CodeIgniter.php(933): App\Controllers\Pemindahan->getDataTugas()
#6 C:\laragon\www\beta_project\system\CodeIgniter.php(507): CodeIgniter\CodeIgniter->runController(Object(App\Controllers\Pemindahan))
#7 C:\laragon\www\beta_project\system\CodeIgniter.php(354): CodeIgniter\CodeIgniter->handleRequest(NULL, Object(Config\Cache), false)
#8 C:\laragon\www\beta_project\system\Boot.php(334): CodeIgniter\CodeIgniter->run()
#9 C:\laragon\www\beta_project\system\Boot.php(67): CodeIgniter\Boot::runCodeIgniter(Object(CodeIgniter\CodeIgniter))
#10 C:\laragon\www\beta_project\public\index.php(59): CodeIgniter\Boot::bootWeb(Object(Config\Paths))
#11 {main}
ERROR - 2025-08-06 09:28:12 --> [Pemindahan_GetDataTugas] DatabaseException: Unknown column 'tgl_usulan' in 'order clause'
DEBUG - 2025-08-06 09:28:14 --> Session: Class initialized using 'CodeIgniter\Session\Handlers\FileHandler' driver.
DEBUG - 2025-08-06 09:28:15 --> Session: Class initialized using 'CodeIgniter\Session\Handlers\FileHandler' driver.
ERROR - 2025-08-06 09:28:15 --> mysqli_sql_exception: Unknown column 'tgl_usulan' in 'order clause' in C:\laragon\www\beta_project\system\Database\MySQLi\Connection.php:327
Stack trace:
#0 C:\laragon\www\beta_project\system\Database\MySQLi\Connection.php(327): mysqli->query('SELECT *\nFROM `...', 0)
#1 C:\laragon\www\beta_project\system\Database\BaseConnection.php(738): CodeIgniter\Database\MySQLi\Connection->execute('SELECT *\nFROM `...')
#2 C:\laragon\www\beta_project\system\Database\BaseConnection.php(652): CodeIgniter\Database\BaseConnection->simpleQuery('SELECT *\nFROM `...')
#3 C:\laragon\www\beta_project\system\Database\BaseBuilder.php(1649): CodeIgniter\Database\BaseConnection->query('SELECT *\nFROM `...', Array, false)
#4 C:\laragon\www\beta_project\app\Controllers\Pemindahan.php(445): CodeIgniter\Database\BaseBuilder->get()
#5 C:\laragon\www\beta_project\system\CodeIgniter.php(933): App\Controllers\Pemindahan->getDataTugas()
#6 C:\laragon\www\beta_project\system\CodeIgniter.php(507): CodeIgniter\CodeIgniter->runController(Object(App\Controllers\Pemindahan))
#7 C:\laragon\www\beta_project\system\CodeIgniter.php(354): CodeIgniter\CodeIgniter->handleRequest(NULL, Object(Config\Cache), false)
#8 C:\laragon\www\beta_project\system\Boot.php(334): CodeIgniter\CodeIgniter->run()
#9 C:\laragon\www\beta_project\system\Boot.php(67): CodeIgniter\Boot::runCodeIgniter(Object(CodeIgniter\CodeIgniter))
#10 C:\laragon\www\beta_project\public\index.php(59): CodeIgniter\Boot::bootWeb(Object(Config\Paths))
#11 {main}
ERROR - 2025-08-06 09:28:15 --> [Pemindahan_GetDataTugas] DatabaseException: Unknown column 'tgl_usulan' in 'order clause'
DEBUG - 2025-08-06 09:30:15 --> Session: Class initialized using 'CodeIgniter\Session\Handlers\FileHandler' driver.
DEBUG - 2025-08-06 09:30:16 --> Session: Class initialized using 'CodeIgniter\Session\Handlers\FileHandler' driver.
ERROR - 2025-08-06 09:30:16 --> mysqli_sql_exception: Expression #1 of ORDER BY contains aggregate function and applies to the result of a non-aggregated query in C:\laragon\www\beta_project\system\Database\MySQLi\Connection.php:327
Stack trace:
#0 C:\laragon\www\beta_project\system\Database\MySQLi\Connection.php(327): mysqli->query('SELECT *\nFROM `...', 0)
#1 C:\laragon\www\beta_project\system\Database\BaseConnection.php(738): CodeIgniter\Database\MySQLi\Connection->execute('SELECT *\nFROM `...')
#2 C:\laragon\www\beta_project\system\Database\BaseConnection.php(652): CodeIgniter\Database\BaseConnection->simpleQuery('SELECT *\nFROM `...')
#3 C:\laragon\www\beta_project\system\Database\BaseBuilder.php(1649): CodeIgniter\Database\BaseConnection->query('SELECT *\nFROM `...', Array, false)
#4 C:\laragon\www\beta_project\app\Controllers\Pemindahan.php(436): CodeIgniter\Database\BaseBuilder->get()
#5 C:\laragon\www\beta_project\system\CodeIgniter.php(933): App\Controllers\Pemindahan->getDataTugas()
#6 C:\laragon\www\beta_project\system\CodeIgniter.php(507): CodeIgniter\CodeIgniter->runController(Object(App\Controllers\Pemindahan))
#7 C:\laragon\www\beta_project\system\CodeIgniter.php(354): CodeIgniter\CodeIgniter->handleRequest(NULL, Object(Config\Cache), false)
#8 C:\laragon\www\beta_project\system\Boot.php(334): CodeIgniter\CodeIgniter->run()
#9 C:\laragon\www\beta_project\system\Boot.php(67): CodeIgniter\Boot::runCodeIgniter(Object(CodeIgniter\CodeIgniter))
#10 C:\laragon\www\beta_project\public\index.php(59): CodeIgniter\Boot::bootWeb(Object(Config\Paths))
#11 {main}
ERROR - 2025-08-06 09:30:16 --> [Pemindahan_GetDataTugas] DatabaseException: Expression #1 of ORDER BY contains aggregate function and applies to the result of a non-aggregated query
DEBUG - 2025-08-06 09:31:37 --> Session: Class initialized using 'CodeIgniter\Session\Handlers\FileHandler' driver.
DEBUG - 2025-08-06 09:31:37 --> Session: Class initialized using 'CodeIgniter\Session\Handlers\FileHandler' driver.
ERROR - 2025-08-06 09:31:37 --> DEBUG Final Tugas Query: SELECT * FROM (SELECT `item_aktif`.`id_user`, `proposer`.`name` as `nama_pengusul`, MIN(item_aktif.updated_at) as tgl_usulan, COUNT(item_aktif.id) as jumlah_item, `item_aktif`.`status_pindah`
FROM `item_aktif`
LEFT JOIN `users` as `proposer` ON `proposer`.`id` = `item_aktif`.`id_user`
WHERE   (
`item_aktif`.`status_pindah` = 'verifikasi_1'
AND `item_aktif`.`id_verifier_1` = '100'
OR `item_aktif`.`status_pindah` = 'verifikasi_2'
OR `item_aktif`.`id_verifier_2` = '100'
OR `item_aktif`.`status_pindah` = 'finalisasi'
OR `item_aktif`.`id_finalizer` = '100'
 )
GROUP BY `item_aktif`.`id_user`, `proposer`.`name`, `item_aktif`.`status_pindah`) AS final_data  ORDER BY tgl_usulan asc  LIMIT 10 OFFSET 0
DEBUG - 2025-08-06 09:31:40 --> Session: Class initialized using 'CodeIgniter\Session\Handlers\FileHandler' driver.
DEBUG - 2025-08-06 09:31:41 --> Session: Class initialized using 'CodeIgniter\Session\Handlers\FileHandler' driver.
ERROR - 2025-08-06 09:31:41 --> DEBUG Final Tugas Query: SELECT * FROM (SELECT `item_aktif`.`id_user`, `proposer`.`name` as `nama_pengusul`, MIN(item_aktif.updated_at) as tgl_usulan, COUNT(item_aktif.id) as jumlah_item, `item_aktif`.`status_pindah`
FROM `item_aktif`
LEFT JOIN `users` as `proposer` ON `proposer`.`id` = `item_aktif`.`id_user`
WHERE   (
`item_aktif`.`status_pindah` = 'verifikasi_1'
AND `item_aktif`.`id_verifier_1` = '100'
OR `item_aktif`.`status_pindah` = 'verifikasi_2'
OR `item_aktif`.`id_verifier_2` = '100'
OR `item_aktif`.`status_pindah` = 'finalisasi'
OR `item_aktif`.`id_finalizer` = '100'
 )
GROUP BY `item_aktif`.`id_user`, `proposer`.`name`, `item_aktif`.`status_pindah`) AS final_data  ORDER BY tgl_usulan asc  LIMIT 10 OFFSET 0
DEBUG - 2025-08-06 09:35:00 --> Session: Class initialized using 'CodeIgniter\Session\Handlers\FileHandler' driver.
DEBUG - 2025-08-06 09:35:00 --> Session: Class initialized using 'CodeIgniter\Session\Handlers\FileHandler' driver.
DEBUG - 2025-08-06 09:35:02 --> Session: Class initialized using 'CodeIgniter\Session\Handlers\FileHandler' driver.
DEBUG - 2025-08-06 09:35:03 --> Session: Class initialized using 'CodeIgniter\Session\Handlers\FileHandler' driver.
DEBUG - 2025-08-06 09:37:46 --> Session: Class initialized using 'CodeIgniter\Session\Handlers\FileHandler' driver.
DEBUG - 2025-08-06 09:37:46 --> Session: Class initialized using 'CodeIgniter\Session\Handlers\FileHandler' driver.
ERROR - 2025-08-06 09:37:46 --> DEBUG SQL Tugas (Base): SELECT `item_aktif`.`id_user`, `proposer`.`name` as `nama_pengusul`, MIN(item_aktif.updated_at) as tgl_usulan, COUNT(item_aktif.id) as jumlah_item, `item_aktif`.`status_pindah`
FROM `item_aktif`
LEFT JOIN `users` as `proposer` ON `proposer`.`id` = `item_aktif`.`id_user`
WHERE   (
`item_aktif`.`status_pindah` = 'verifikasi_1'
AND `item_aktif`.`id_verifier_1` = '100'
OR `item_aktif`.`status_pindah` = 'verifikasi_2'
OR `item_aktif`.`id_verifier_2` = '100'
OR `item_aktif`.`status_pindah` = 'finalisasi'
OR `item_aktif`.`id_finalizer` = '100'
 )
GROUP BY `item_aktif`.`id_user`, `proposer`.`name`, `item_aktif`.`status_pindah`
DEBUG - 2025-08-06 09:37:48 --> Session: Class initialized using 'CodeIgniter\Session\Handlers\FileHandler' driver.
DEBUG - 2025-08-06 09:37:48 --> Session: Class initialized using 'CodeIgniter\Session\Handlers\FileHandler' driver.
ERROR - 2025-08-06 09:37:48 --> DEBUG SQL Tugas (Base): SELECT `item_aktif`.`id_user`, `proposer`.`name` as `nama_pengusul`, MIN(item_aktif.updated_at) as tgl_usulan, COUNT(item_aktif.id) as jumlah_item, `item_aktif`.`status_pindah`
FROM `item_aktif`
LEFT JOIN `users` as `proposer` ON `proposer`.`id` = `item_aktif`.`id_user`
WHERE   (
`item_aktif`.`status_pindah` = 'verifikasi_1'
AND `item_aktif`.`id_verifier_1` = '100'
OR `item_aktif`.`status_pindah` = 'verifikasi_2'
OR `item_aktif`.`id_verifier_2` = '100'
OR `item_aktif`.`status_pindah` = 'finalisasi'
OR `item_aktif`.`id_finalizer` = '100'
 )
GROUP BY `item_aktif`.`id_user`, `proposer`.`name`, `item_aktif`.`status_pindah`
DEBUG - 2025-08-06 09:39:22 --> Session: Class initialized using 'CodeIgniter\Session\Handlers\FileHandler' driver.
DEBUG - 2025-08-06 09:39:22 --> Session: Class initialized using 'CodeIgniter\Session\Handlers\FileHandler' driver.
ERROR - 2025-08-06 09:39:22 --> DEBUG_TUGAS: Admin ID yang login: 100
ERROR - 2025-08-06 09:39:22 --> DEBUG_TUGAS: Compiled Base SQL: SELECT `item_aktif`.`id_user`, `proposer`.`name` as `nama_pengusul`, MIN(item_aktif.updated_at) as tgl_usulan, COUNT(item_aktif.id) as jumlah_item, `item_aktif`.`status_pindah`, `item_aktif`.`id_verifier_1`, `item_aktif`.`id_verifier_2`, `item_aktif`.`id_finalizer`
FROM `item_aktif`
LEFT JOIN `users` as `proposer` ON `proposer`.`id` = `item_aktif`.`id_user`
WHERE   (
`item_aktif`.`status_pindah` = 'verifikasi_1'
AND `item_aktif`.`id_verifier_1` = '100'
OR `item_aktif`.`status_pindah` = 'verifikasi_2'
OR `item_aktif`.`id_verifier_2` = '100'
OR `item_aktif`.`status_pindah` = 'finalisasi'
OR `item_aktif`.`id_finalizer` = '100'
 )
GROUP BY `item_aktif`.`id_user`, `proposer`.`name`, `item_aktif`.`status_pindah`
ERROR - 2025-08-06 09:39:22 --> DEBUG_TUGAS: Total Records (before filter/paging): 0
ERROR - 2025-08-06 09:39:22 --> DEBUG_TUGAS: Records Filtered (after search): 0
ERROR - 2025-08-06 09:39:22 --> DEBUG_TUGAS: Final Data Array (JSON): []
DEBUG - 2025-08-06 09:39:24 --> Session: Class initialized using 'CodeIgniter\Session\Handlers\FileHandler' driver.
DEBUG - 2025-08-06 09:39:25 --> Session: Class initialized using 'CodeIgniter\Session\Handlers\FileHandler' driver.
ERROR - 2025-08-06 09:39:25 --> DEBUG_TUGAS: Admin ID yang login: 100
ERROR - 2025-08-06 09:39:25 --> DEBUG_TUGAS: Compiled Base SQL: SELECT `item_aktif`.`id_user`, `proposer`.`name` as `nama_pengusul`, MIN(item_aktif.updated_at) as tgl_usulan, COUNT(item_aktif.id) as jumlah_item, `item_aktif`.`status_pindah`, `item_aktif`.`id_verifier_1`, `item_aktif`.`id_verifier_2`, `item_aktif`.`id_finalizer`
FROM `item_aktif`
LEFT JOIN `users` as `proposer` ON `proposer`.`id` = `item_aktif`.`id_user`
WHERE   (
`item_aktif`.`status_pindah` = 'verifikasi_1'
AND `item_aktif`.`id_verifier_1` = '100'
OR `item_aktif`.`status_pindah` = 'verifikasi_2'
OR `item_aktif`.`id_verifier_2` = '100'
OR `item_aktif`.`status_pindah` = 'finalisasi'
OR `item_aktif`.`id_finalizer` = '100'
 )
GROUP BY `item_aktif`.`id_user`, `proposer`.`name`, `item_aktif`.`status_pindah`
ERROR - 2025-08-06 09:39:25 --> DEBUG_TUGAS: Total Records (before filter/paging): 0
ERROR - 2025-08-06 09:39:25 --> DEBUG_TUGAS: Records Filtered (after search): 0
ERROR - 2025-08-06 09:39:25 --> DEBUG_TUGAS: Final Data Array (JSON): []
DEBUG - 2025-08-06 09:40:19 --> Session: Class initialized using 'CodeIgniter\Session\Handlers\FileHandler' driver.
DEBUG - 2025-08-06 09:40:20 --> Session: Class initialized using 'CodeIgniter\Session\Handlers\FileHandler' driver.
ERROR - 2025-08-06 09:40:20 --> DEBUG_TUGAS: Admin ID yang login: 100
ERROR - 2025-08-06 09:40:20 --> DEBUG_TUGAS: Compiled Base SQL: SELECT `item_aktif`.`id_user`, `proposer`.`name` as `nama_pengusul`, MIN(item_aktif.updated_at) as tgl_usulan, COUNT(item_aktif.id) as jumlah_item, `item_aktif`.`status_pindah`, `item_aktif`.`id_verifier_1`, `item_aktif`.`id_verifier_2`, `item_aktif`.`id_finalizer`
FROM `item_aktif`
LEFT JOIN `users` as `proposer` ON `proposer`.`id` = `item_aktif`.`id_user`
WHERE   (
`item_aktif`.`status_pindah` = 'verifikasi_1'
AND `item_aktif`.`id_verifier_1` = '100'
OR `item_aktif`.`status_pindah` = 'verifikasi_2'
OR `item_aktif`.`id_verifier_2` = '100'
OR `item_aktif`.`status_pindah` = 'finalisasi'
OR `item_aktif`.`id_finalizer` = '100'
 )
GROUP BY `item_aktif`.`id_user`, `proposer`.`name`, `item_aktif`.`status_pindah`
ERROR - 2025-08-06 09:40:20 --> DEBUG_TUGAS: Total Records (before filter/paging): 0
ERROR - 2025-08-06 09:40:20 --> DEBUG_TUGAS: Records Filtered (after search): 0
ERROR - 2025-08-06 09:40:20 --> DEBUG_TUGAS: Final Data Array (JSON): []
DEBUG - 2025-08-06 09:40:22 --> Session: Class initialized using 'CodeIgniter\Session\Handlers\FileHandler' driver.
DEBUG - 2025-08-06 09:40:23 --> Session: Class initialized using 'CodeIgniter\Session\Handlers\FileHandler' driver.
ERROR - 2025-08-06 09:40:23 --> DEBUG_TUGAS: Admin ID yang login: 100
ERROR - 2025-08-06 09:40:23 --> DEBUG_TUGAS: Compiled Base SQL: SELECT `item_aktif`.`id_user`, `proposer`.`name` as `nama_pengusul`, MIN(item_aktif.updated_at) as tgl_usulan, COUNT(item_aktif.id) as jumlah_item, `item_aktif`.`status_pindah`, `item_aktif`.`id_verifier_1`, `item_aktif`.`id_verifier_2`, `item_aktif`.`id_finalizer`
FROM `item_aktif`
LEFT JOIN `users` as `proposer` ON `proposer`.`id` = `item_aktif`.`id_user`
WHERE   (
`item_aktif`.`status_pindah` = 'verifikasi_1'
AND `item_aktif`.`id_verifier_1` = '100'
OR `item_aktif`.`status_pindah` = 'verifikasi_2'
OR `item_aktif`.`id_verifier_2` = '100'
OR `item_aktif`.`status_pindah` = 'finalisasi'
OR `item_aktif`.`id_finalizer` = '100'
 )
GROUP BY `item_aktif`.`id_user`, `proposer`.`name`, `item_aktif`.`status_pindah`
ERROR - 2025-08-06 09:40:23 --> DEBUG_TUGAS: Total Records (before filter/paging): 0
ERROR - 2025-08-06 09:40:23 --> DEBUG_TUGAS: Records Filtered (after search): 0
ERROR - 2025-08-06 09:40:23 --> DEBUG_TUGAS: Final Data Array (JSON): []
DEBUG - 2025-08-06 09:40:24 --> Session: Class initialized using 'CodeIgniter\Session\Handlers\FileHandler' driver.
DEBUG - 2025-08-06 09:40:24 --> Session: Class initialized using 'CodeIgniter\Session\Handlers\FileHandler' driver.
ERROR - 2025-08-06 09:40:24 --> DEBUG_TUGAS: Admin ID yang login: 100
ERROR - 2025-08-06 09:40:24 --> DEBUG_TUGAS: Compiled Base SQL: SELECT `item_aktif`.`id_user`, `proposer`.`name` as `nama_pengusul`, MIN(item_aktif.updated_at) as tgl_usulan, COUNT(item_aktif.id) as jumlah_item, `item_aktif`.`status_pindah`, `item_aktif`.`id_verifier_1`, `item_aktif`.`id_verifier_2`, `item_aktif`.`id_finalizer`
FROM `item_aktif`
LEFT JOIN `users` as `proposer` ON `proposer`.`id` = `item_aktif`.`id_user`
WHERE   (
`item_aktif`.`status_pindah` = 'verifikasi_1'
AND `item_aktif`.`id_verifier_1` = '100'
OR `item_aktif`.`status_pindah` = 'verifikasi_2'
OR `item_aktif`.`id_verifier_2` = '100'
OR `item_aktif`.`status_pindah` = 'finalisasi'
OR `item_aktif`.`id_finalizer` = '100'
 )
GROUP BY `item_aktif`.`id_user`, `proposer`.`name`, `item_aktif`.`status_pindah`
ERROR - 2025-08-06 09:40:24 --> DEBUG_TUGAS: Total Records (before filter/paging): 0
ERROR - 2025-08-06 09:40:24 --> DEBUG_TUGAS: Records Filtered (after search): 0
ERROR - 2025-08-06 09:40:24 --> DEBUG_TUGAS: Final Data Array (JSON): []
DEBUG - 2025-08-06 09:40:28 --> Session: Class initialized using 'CodeIgniter\Session\Handlers\FileHandler' driver.
DEBUG - 2025-08-06 09:40:28 --> Session: Class initialized using 'CodeIgniter\Session\Handlers\FileHandler' driver.
ERROR - 2025-08-06 09:40:28 --> DEBUG_TUGAS: Admin ID yang login: 100
ERROR - 2025-08-06 09:40:28 --> DEBUG_TUGAS: Compiled Base SQL: SELECT `item_aktif`.`id_user`, `proposer`.`name` as `nama_pengusul`, MIN(item_aktif.updated_at) as tgl_usulan, COUNT(item_aktif.id) as jumlah_item, `item_aktif`.`status_pindah`, `item_aktif`.`id_verifier_1`, `item_aktif`.`id_verifier_2`, `item_aktif`.`id_finalizer`
FROM `item_aktif`
LEFT JOIN `users` as `proposer` ON `proposer`.`id` = `item_aktif`.`id_user`
WHERE   (
`item_aktif`.`status_pindah` = 'verifikasi_1'
AND `item_aktif`.`id_verifier_1` = '100'
OR `item_aktif`.`status_pindah` = 'verifikasi_2'
OR `item_aktif`.`id_verifier_2` = '100'
OR `item_aktif`.`status_pindah` = 'finalisasi'
OR `item_aktif`.`id_finalizer` = '100'
 )
GROUP BY `item_aktif`.`id_user`, `proposer`.`name`, `item_aktif`.`status_pindah`
ERROR - 2025-08-06 09:40:28 --> DEBUG_TUGAS: Total Records (before filter/paging): 0
ERROR - 2025-08-06 09:40:28 --> DEBUG_TUGAS: Records Filtered (after search): 0
ERROR - 2025-08-06 09:40:28 --> DEBUG_TUGAS: Final Data Array (JSON): []
DEBUG - 2025-08-06 09:42:24 --> Session: Class initialized using 'CodeIgniter\Session\Handlers\FileHandler' driver.
DEBUG - 2025-08-06 09:42:25 --> Session: Class initialized using 'CodeIgniter\Session\Handlers\FileHandler' driver.
ERROR - 2025-08-06 09:42:25 --> DEBUG_TUGAS: Admin ID yang login: 100
CRITICAL - 2025-08-06 09:42:25 --> Error: Call to undefined method CodeIgniter\Database\MySQLi\Builder::orGroupEnd()
[Method: POST, Route: pemindahan/get-data-tugas]
in APPPATH\Controllers\Pemindahan.php on line 400.
 1 SYSTEMPATH\CodeIgniter.php(933): App\Controllers\Pemindahan->getDataTugas()
 2 SYSTEMPATH\CodeIgniter.php(507): CodeIgniter\CodeIgniter->runController(Object(App\Controllers\Pemindahan))
 3 SYSTEMPATH\CodeIgniter.php(354): CodeIgniter\CodeIgniter->handleRequest(null, Object(Config\Cache), false)
 4 SYSTEMPATH\Boot.php(334): CodeIgniter\CodeIgniter->run()
 5 SYSTEMPATH\Boot.php(67): CodeIgniter\Boot::runCodeIgniter(Object(CodeIgniter\CodeIgniter))
 6 FCPATH\index.php(59): CodeIgniter\Boot::bootWeb(Object(Config\Paths))
DEBUG - 2025-08-06 09:42:33 --> Session: Class initialized using 'CodeIgniter\Session\Handlers\FileHandler' driver.
DEBUG - 2025-08-06 09:42:33 --> Session: Class initialized using 'CodeIgniter\Session\Handlers\FileHandler' driver.
ERROR - 2025-08-06 09:42:33 --> DEBUG_TUGAS: Admin ID yang login: 100
CRITICAL - 2025-08-06 09:42:33 --> Error: Call to undefined method CodeIgniter\Database\MySQLi\Builder::orGroupEnd()
[Method: POST, Route: pemindahan/get-data-tugas]
in APPPATH\Controllers\Pemindahan.php on line 400.
 1 SYSTEMPATH\CodeIgniter.php(933): App\Controllers\Pemindahan->getDataTugas()
 2 SYSTEMPATH\CodeIgniter.php(507): CodeIgniter\CodeIgniter->runController(Object(App\Controllers\Pemindahan))
 3 SYSTEMPATH\CodeIgniter.php(354): CodeIgniter\CodeIgniter->handleRequest(null, Object(Config\Cache), false)
 4 SYSTEMPATH\Boot.php(334): CodeIgniter\CodeIgniter->run()
 5 SYSTEMPATH\Boot.php(67): CodeIgniter\Boot::runCodeIgniter(Object(CodeIgniter\CodeIgniter))
 6 FCPATH\index.php(59): CodeIgniter\Boot::bootWeb(Object(Config\Paths))
DEBUG - 2025-08-06 09:44:01 --> Session: Class initialized using 'CodeIgniter\Session\Handlers\FileHandler' driver.
DEBUG - 2025-08-06 09:44:02 --> Session: Class initialized using 'CodeIgniter\Session\Handlers\FileHandler' driver.
ERROR - 2025-08-06 09:44:02 --> DEBUG_TUGAS: Admin ID yang login: 100
CRITICAL - 2025-08-06 09:44:02 --> Error: Call to undefined method CodeIgniter\Database\MySQLi\Builder::orGroupEnd()
[Method: POST, Route: pemindahan/get-data-tugas]
in APPPATH\Controllers\Pemindahan.php on line 401.
 1 SYSTEMPATH\CodeIgniter.php(933): App\Controllers\Pemindahan->getDataTugas()
 2 SYSTEMPATH\CodeIgniter.php(507): CodeIgniter\CodeIgniter->runController(Object(App\Controllers\Pemindahan))
 3 SYSTEMPATH\CodeIgniter.php(354): CodeIgniter\CodeIgniter->handleRequest(null, Object(Config\Cache), false)
 4 SYSTEMPATH\Boot.php(334): CodeIgniter\CodeIgniter->run()
 5 SYSTEMPATH\Boot.php(67): CodeIgniter\Boot::runCodeIgniter(Object(CodeIgniter\CodeIgniter))
 6 FCPATH\index.php(59): CodeIgniter\Boot::bootWeb(Object(Config\Paths))
DEBUG - 2025-08-06 09:46:38 --> Session: Class initialized using 'CodeIgniter\Session\Handlers\FileHandler' driver.
DEBUG - 2025-08-06 09:46:38 --> Session: Class initialized using 'CodeIgniter\Session\Handlers\FileHandler' driver.
DEBUG - 2025-08-06 09:52:44 --> Session: Class initialized using 'CodeIgniter\Session\Handlers\FileHandler' driver.
DEBUG - 2025-08-06 09:52:44 --> Session: Class initialized using 'CodeIgniter\Session\Handlers\FileHandler' driver.
DEBUG - 2025-08-06 09:52:45 --> Session: Class initialized using 'CodeIgniter\Session\Handlers\FileHandler' driver.
DEBUG - 2025-08-06 09:52:45 --> Session: Class initialized using 'CodeIgniter\Session\Handlers\FileHandler' driver.
DEBUG - 2025-08-06 09:52:47 --> Session: Class initialized using 'CodeIgniter\Session\Handlers\FileHandler' driver.
DEBUG - 2025-08-06 09:52:47 --> Session: Class initialized using 'CodeIgniter\Session\Handlers\FileHandler' driver.
