DEBUG - 2025-07-24 03:14:59 --> Session: Class initialized using 'CodeIgniter\Session\Handlers\FileHandler' driver.
DEBUG - 2025-07-24 03:14:59 --> Session: Class initialized using 'CodeIgniter\Session\Handlers\FileHandler' driver.
DEBUG - 2025-07-24 03:15:00 --> Session: Class initialized using 'CodeIgniter\Session\Handlers\FileHandler' driver.
DEBUG - 2025-07-24 03:18:10 --> Session: Class initialized using 'CodeIgniter\Session\Handlers\FileHandler' driver.
DEBUG - 2025-07-24 03:18:22 --> Session: Class initialized using 'CodeIgniter\Session\Handlers\FileHandler' driver.
DEBUG - 2025-07-24 03:18:36 --> Session: Class initialized using 'CodeIgniter\Session\Handlers\FileHandler' driver.
DEBUG - 2025-07-24 03:18:36 --> Session: Class initialized using 'CodeIgniter\Session\Handlers\FileHandler' driver.
DEBUG - 2025-07-24 03:24:06 --> Session: Class initialized using 'CodeIgniter\Session\Handlers\FileHandler' driver.
DEBUG - 2025-07-24 03:24:07 --> Session: Class initialized using 'CodeIgniter\Session\Handlers\FileHandler' driver.
DEBUG - 2025-07-24 03:24:09 --> Session: Class initialized using 'CodeIgniter\Session\Handlers\FileHandler' driver.
DEBUG - 2025-07-24 03:24:10 --> Session: Class initialized using 'CodeIgniter\Session\Handlers\FileHandler' driver.
DEBUG - 2025-07-24 03:24:11 --> Session: Class initialized using 'CodeIgniter\Session\Handlers\FileHandler' driver.
DEBUG - 2025-07-24 03:24:11 --> Session: Class initialized using 'CodeIgniter\Session\Handlers\FileHandler' driver.
DEBUG - 2025-07-24 03:24:16 --> Session: Class initialized using 'CodeIgniter\Session\Handlers\FileHandler' driver.
DEBUG - 2025-07-24 03:24:16 --> Session: Class initialized using 'CodeIgniter\Session\Handlers\FileHandler' driver.
DEBUG - 2025-07-24 04:30:20 --> Session: Class initialized using 'CodeIgniter\Session\Handlers\FileHandler' driver.
DEBUG - 2025-07-24 04:30:20 --> Session: Class initialized using 'CodeIgniter\Session\Handlers\FileHandler' driver.
DEBUG - 2025-07-24 04:44:19 --> Session: Class initialized using 'CodeIgniter\Session\Handlers\FileHandler' driver.
DEBUG - 2025-07-24 04:48:53 --> Session: Class initialized using 'CodeIgniter\Session\Handlers\FileHandler' driver.
DEBUG - 2025-07-24 04:48:53 --> Session: Class initialized using 'CodeIgniter\Session\Handlers\FileHandler' driver.
ERROR - 2025-07-24 04:48:53 --> mysqli_sql_exception: Unknown column 'es2.kode_es2' in 'field list' in C:\laragon\www\beta_project\system\Database\MySQLi\Connection.php:327
Stack trace:
#0 C:\laragon\www\beta_project\system\Database\MySQLi\Connection.php(327): mysqli->query('SELECT `item_ak...', 0)
#1 C:\laragon\www\beta_project\system\Database\BaseConnection.php(738): CodeIgniter\Database\MySQLi\Connection->execute('SELECT `item_ak...')
#2 C:\laragon\www\beta_project\system\Database\BaseConnection.php(652): CodeIgniter\Database\BaseConnection->simpleQuery('SELECT `item_ak...')
#3 C:\laragon\www\beta_project\system\Database\BaseBuilder.php(1649): CodeIgniter\Database\BaseConnection->query('SELECT `item_ak...', Array, false)
#4 C:\laragon\www\beta_project\app\Controllers\Pemindahan.php(265): CodeIgniter\Database\BaseBuilder->get()
#5 C:\laragon\www\beta_project\system\CodeIgniter.php(933): App\Controllers\Pemindahan->getDataVerifikasi()
#6 C:\laragon\www\beta_project\system\CodeIgniter.php(507): CodeIgniter\CodeIgniter->runController(Object(App\Controllers\Pemindahan))
#7 C:\laragon\www\beta_project\system\CodeIgniter.php(354): CodeIgniter\CodeIgniter->handleRequest(NULL, Object(Config\Cache), false)
#8 C:\laragon\www\beta_project\system\Boot.php(334): CodeIgniter\CodeIgniter->run()
#9 C:\laragon\www\beta_project\system\Boot.php(67): CodeIgniter\Boot::runCodeIgniter(Object(CodeIgniter\CodeIgniter))
#10 C:\laragon\www\beta_project\public\index.php(59): CodeIgniter\Boot::bootWeb(Object(Config\Paths))
#11 {main}
DEBUG - 2025-07-24 04:49:38 --> Session: Class initialized using 'CodeIgniter\Session\Handlers\FileHandler' driver.
DEBUG - 2025-07-24 04:49:38 --> Session: Class initialized using 'CodeIgniter\Session\Handlers\FileHandler' driver.
ERROR - 2025-07-24 04:49:38 --> mysqli_sql_exception: Unknown column 'es2.kode_es2' in 'field list' in C:\laragon\www\beta_project\system\Database\MySQLi\Connection.php:327
Stack trace:
#0 C:\laragon\www\beta_project\system\Database\MySQLi\Connection.php(327): mysqli->query('SELECT `item_ak...', 0)
#1 C:\laragon\www\beta_project\system\Database\BaseConnection.php(738): CodeIgniter\Database\MySQLi\Connection->execute('SELECT `item_ak...')
#2 C:\laragon\www\beta_project\system\Database\BaseConnection.php(652): CodeIgniter\Database\BaseConnection->simpleQuery('SELECT `item_ak...')
#3 C:\laragon\www\beta_project\system\Database\BaseBuilder.php(1649): CodeIgniter\Database\BaseConnection->query('SELECT `item_ak...', Array, false)
#4 C:\laragon\www\beta_project\app\Controllers\Pemindahan.php(265): CodeIgniter\Database\BaseBuilder->get()
#5 C:\laragon\www\beta_project\system\CodeIgniter.php(933): App\Controllers\Pemindahan->getDataVerifikasi()
#6 C:\laragon\www\beta_project\system\CodeIgniter.php(507): CodeIgniter\CodeIgniter->runController(Object(App\Controllers\Pemindahan))
#7 C:\laragon\www\beta_project\system\CodeIgniter.php(354): CodeIgniter\CodeIgniter->handleRequest(NULL, Object(Config\Cache), false)
#8 C:\laragon\www\beta_project\system\Boot.php(334): CodeIgniter\CodeIgniter->run()
#9 C:\laragon\www\beta_project\system\Boot.php(67): CodeIgniter\Boot::runCodeIgniter(Object(CodeIgniter\CodeIgniter))
#10 C:\laragon\www\beta_project\public\index.php(59): CodeIgniter\Boot::bootWeb(Object(Config\Paths))
#11 {main}
DEBUG - 2025-07-24 04:52:38 --> Session: Class initialized using 'CodeIgniter\Session\Handlers\FileHandler' driver.
DEBUG - 2025-07-24 04:52:38 --> Session: Class initialized using 'CodeIgniter\Session\Handlers\FileHandler' driver.
ERROR - 2025-07-24 04:52:38 --> mysqli_sql_exception: Unknown column 'es2.kode_es2' in 'field list' in C:\laragon\www\beta_project\system\Database\MySQLi\Connection.php:327
Stack trace:
#0 C:\laragon\www\beta_project\system\Database\MySQLi\Connection.php(327): mysqli->query('SELECT `item_ak...', 0)
#1 C:\laragon\www\beta_project\system\Database\BaseConnection.php(738): CodeIgniter\Database\MySQLi\Connection->execute('SELECT `item_ak...')
#2 C:\laragon\www\beta_project\system\Database\BaseConnection.php(652): CodeIgniter\Database\BaseConnection->simpleQuery('SELECT `item_ak...')
#3 C:\laragon\www\beta_project\system\Database\BaseBuilder.php(1649): CodeIgniter\Database\BaseConnection->query('SELECT `item_ak...', Array, false)
#4 C:\laragon\www\beta_project\app\Controllers\Pemindahan.php(265): CodeIgniter\Database\BaseBuilder->get()
#5 C:\laragon\www\beta_project\system\CodeIgniter.php(933): App\Controllers\Pemindahan->getDataVerifikasi()
#6 C:\laragon\www\beta_project\system\CodeIgniter.php(507): CodeIgniter\CodeIgniter->runController(Object(App\Controllers\Pemindahan))
#7 C:\laragon\www\beta_project\system\CodeIgniter.php(354): CodeIgniter\CodeIgniter->handleRequest(NULL, Object(Config\Cache), false)
#8 C:\laragon\www\beta_project\system\Boot.php(334): CodeIgniter\CodeIgniter->run()
#9 C:\laragon\www\beta_project\system\Boot.php(67): CodeIgniter\Boot::runCodeIgniter(Object(CodeIgniter\CodeIgniter))
#10 C:\laragon\www\beta_project\public\index.php(59): CodeIgniter\Boot::bootWeb(Object(Config\Paths))
#11 {main}
DEBUG - 2025-07-24 04:52:40 --> Session: Class initialized using 'CodeIgniter\Session\Handlers\FileHandler' driver.
DEBUG - 2025-07-24 04:52:41 --> Session: Class initialized using 'CodeIgniter\Session\Handlers\FileHandler' driver.
ERROR - 2025-07-24 04:52:41 --> mysqli_sql_exception: Unknown column 'es2.kode_es2' in 'field list' in C:\laragon\www\beta_project\system\Database\MySQLi\Connection.php:327
Stack trace:
#0 C:\laragon\www\beta_project\system\Database\MySQLi\Connection.php(327): mysqli->query('SELECT `item_ak...', 0)
#1 C:\laragon\www\beta_project\system\Database\BaseConnection.php(738): CodeIgniter\Database\MySQLi\Connection->execute('SELECT `item_ak...')
#2 C:\laragon\www\beta_project\system\Database\BaseConnection.php(652): CodeIgniter\Database\BaseConnection->simpleQuery('SELECT `item_ak...')
#3 C:\laragon\www\beta_project\system\Database\BaseBuilder.php(1649): CodeIgniter\Database\BaseConnection->query('SELECT `item_ak...', Array, false)
#4 C:\laragon\www\beta_project\app\Controllers\Pemindahan.php(265): CodeIgniter\Database\BaseBuilder->get()
#5 C:\laragon\www\beta_project\system\CodeIgniter.php(933): App\Controllers\Pemindahan->getDataVerifikasi()
#6 C:\laragon\www\beta_project\system\CodeIgniter.php(507): CodeIgniter\CodeIgniter->runController(Object(App\Controllers\Pemindahan))
#7 C:\laragon\www\beta_project\system\CodeIgniter.php(354): CodeIgniter\CodeIgniter->handleRequest(NULL, Object(Config\Cache), false)
#8 C:\laragon\www\beta_project\system\Boot.php(334): CodeIgniter\CodeIgniter->run()
#9 C:\laragon\www\beta_project\system\Boot.php(67): CodeIgniter\Boot::runCodeIgniter(Object(CodeIgniter\CodeIgniter))
#10 C:\laragon\www\beta_project\public\index.php(59): CodeIgniter\Boot::bootWeb(Object(Config\Paths))
#11 {main}
DEBUG - 2025-07-24 04:53:22 --> Session: Class initialized using 'CodeIgniter\Session\Handlers\FileHandler' driver.
DEBUG - 2025-07-24 04:53:23 --> Session: Class initialized using 'CodeIgniter\Session\Handlers\FileHandler' driver.
DEBUG - 2025-07-24 04:53:24 --> Session: Class initialized using 'CodeIgniter\Session\Handlers\FileHandler' driver.
DEBUG - 2025-07-24 04:53:24 --> Session: Class initialized using 'CodeIgniter\Session\Handlers\FileHandler' driver.
DEBUG - 2025-07-24 04:53:33 --> Session: Class initialized using 'CodeIgniter\Session\Handlers\FileHandler' driver.
CRITICAL - 2025-07-24 04:53:33 --> ErrorException: Attempt to read property "id" on array
[Method: GET, Route: pemindahan/verifikasi-detail/45]
in APPPATH\Views\pemindahan\verifikasi_detail.php on line 78.
 1 APPPATH\Views\pemindahan\verifikasi_detail.php(78): CodeIgniter\Debug\Exceptions->errorHandler(2, 'Attempt to read property "id" on array', 'C:\\laragon\\www\\beta_project\\app\\Views\\pemindahan\\verifikasi_detail.php', 78)
 2 SYSTEMPATH\View\View.php(224): include('C:\\laragon\\www\\beta_project\\app\\Views\\pemindahan\\verifikasi_detail.php')
 3 SYSTEMPATH\View\View.php(227): CodeIgniter\View\View->CodeIgniter\View\{closure}()
 4 SYSTEMPATH\Common.php(1173): CodeIgniter\View\View->render('pemindahan/verifikasi_detail', [], true)
 5 APPPATH\Controllers\Pemindahan.php(296): view('pemindahan/verifikasi_detail', [...])
 6 SYSTEMPATH\CodeIgniter.php(933): App\Controllers\Pemindahan->verifikasiDetail('45')
 7 SYSTEMPATH\CodeIgniter.php(507): CodeIgniter\CodeIgniter->runController(Object(App\Controllers\Pemindahan))
 8 SYSTEMPATH\CodeIgniter.php(354): CodeIgniter\CodeIgniter->handleRequest(null, Object(Config\Cache), false)
 9 SYSTEMPATH\Boot.php(334): CodeIgniter\CodeIgniter->run()
10 SYSTEMPATH\Boot.php(67): CodeIgniter\Boot::runCodeIgniter(Object(CodeIgniter\CodeIgniter))
11 FCPATH\index.php(59): CodeIgniter\Boot::bootWeb(Object(Config\Paths))
DEBUG - 2025-07-24 04:54:00 --> Session: Class initialized using 'CodeIgniter\Session\Handlers\FileHandler' driver.
CRITICAL - 2025-07-24 04:54:00 --> ErrorException: Attempt to read property "user_id" on array
[Method: GET, Route: pemindahan/verifikasi-detail/45]
in APPPATH\Views\pemindahan\verifikasi_detail.php on line 78.
 1 APPPATH\Views\pemindahan\verifikasi_detail.php(78): CodeIgniter\Debug\Exceptions->errorHandler(2, 'Attempt to read property "user_id" on array', 'C:\\laragon\\www\\beta_project\\app\\Views\\pemindahan\\verifikasi_detail.php', 78)
 2 SYSTEMPATH\View\View.php(224): include('C:\\laragon\\www\\beta_project\\app\\Views\\pemindahan\\verifikasi_detail.php')
 3 SYSTEMPATH\View\View.php(227): CodeIgniter\View\View->CodeIgniter\View\{closure}()
 4 SYSTEMPATH\Common.php(1173): CodeIgniter\View\View->render('pemindahan/verifikasi_detail', [], true)
 5 APPPATH\Controllers\Pemindahan.php(296): view('pemindahan/verifikasi_detail', [...])
 6 SYSTEMPATH\CodeIgniter.php(933): App\Controllers\Pemindahan->verifikasiDetail('45')
 7 SYSTEMPATH\CodeIgniter.php(507): CodeIgniter\CodeIgniter->runController(Object(App\Controllers\Pemindahan))
 8 SYSTEMPATH\CodeIgniter.php(354): CodeIgniter\CodeIgniter->handleRequest(null, Object(Config\Cache), false)
 9 SYSTEMPATH\Boot.php(334): CodeIgniter\CodeIgniter->run()
10 SYSTEMPATH\Boot.php(67): CodeIgniter\Boot::runCodeIgniter(Object(CodeIgniter\CodeIgniter))
11 FCPATH\index.php(59): CodeIgniter\Boot::bootWeb(Object(Config\Paths))
DEBUG - 2025-07-24 04:54:01 --> Session: Class initialized using 'CodeIgniter\Session\Handlers\FileHandler' driver.
CRITICAL - 2025-07-24 04:54:01 --> ErrorException: Attempt to read property "user_id" on array
[Method: GET, Route: pemindahan/verifikasi-detail/45]
in APPPATH\Views\pemindahan\verifikasi_detail.php on line 78.
 1 APPPATH\Views\pemindahan\verifikasi_detail.php(78): CodeIgniter\Debug\Exceptions->errorHandler(2, 'Attempt to read property "user_id" on array', 'C:\\laragon\\www\\beta_project\\app\\Views\\pemindahan\\verifikasi_detail.php', 78)
 2 SYSTEMPATH\View\View.php(224): include('C:\\laragon\\www\\beta_project\\app\\Views\\pemindahan\\verifikasi_detail.php')
 3 SYSTEMPATH\View\View.php(227): CodeIgniter\View\View->CodeIgniter\View\{closure}()
 4 SYSTEMPATH\Common.php(1173): CodeIgniter\View\View->render('pemindahan/verifikasi_detail', [], true)
 5 APPPATH\Controllers\Pemindahan.php(296): view('pemindahan/verifikasi_detail', [...])
 6 SYSTEMPATH\CodeIgniter.php(933): App\Controllers\Pemindahan->verifikasiDetail('45')
 7 SYSTEMPATH\CodeIgniter.php(507): CodeIgniter\CodeIgniter->runController(Object(App\Controllers\Pemindahan))
 8 SYSTEMPATH\CodeIgniter.php(354): CodeIgniter\CodeIgniter->handleRequest(null, Object(Config\Cache), false)
 9 SYSTEMPATH\Boot.php(334): CodeIgniter\CodeIgniter->run()
10 SYSTEMPATH\Boot.php(67): CodeIgniter\Boot::runCodeIgniter(Object(CodeIgniter\CodeIgniter))
11 FCPATH\index.php(59): CodeIgniter\Boot::bootWeb(Object(Config\Paths))
DEBUG - 2025-07-24 04:54:19 --> Session: Class initialized using 'CodeIgniter\Session\Handlers\FileHandler' driver.
CRITICAL - 2025-07-24 04:54:19 --> ErrorException: Attempt to read property "id" on array
[Method: GET, Route: pemindahan/verifikasi-detail/45]
in APPPATH\Views\pemindahan\verifikasi_detail.php on line 78.
 1 APPPATH\Views\pemindahan\verifikasi_detail.php(78): CodeIgniter\Debug\Exceptions->errorHandler(2, 'Attempt to read property "id" on array', 'C:\\laragon\\www\\beta_project\\app\\Views\\pemindahan\\verifikasi_detail.php', 78)
 2 SYSTEMPATH\View\View.php(224): include('C:\\laragon\\www\\beta_project\\app\\Views\\pemindahan\\verifikasi_detail.php')
 3 SYSTEMPATH\View\View.php(227): CodeIgniter\View\View->CodeIgniter\View\{closure}()
 4 SYSTEMPATH\Common.php(1173): CodeIgniter\View\View->render('pemindahan/verifikasi_detail', [], true)
 5 APPPATH\Controllers\Pemindahan.php(296): view('pemindahan/verifikasi_detail', [...])
 6 SYSTEMPATH\CodeIgniter.php(933): App\Controllers\Pemindahan->verifikasiDetail('45')
 7 SYSTEMPATH\CodeIgniter.php(507): CodeIgniter\CodeIgniter->runController(Object(App\Controllers\Pemindahan))
 8 SYSTEMPATH\CodeIgniter.php(354): CodeIgniter\CodeIgniter->handleRequest(null, Object(Config\Cache), false)
 9 SYSTEMPATH\Boot.php(334): CodeIgniter\CodeIgniter->run()
10 SYSTEMPATH\Boot.php(67): CodeIgniter\Boot::runCodeIgniter(Object(CodeIgniter\CodeIgniter))
11 FCPATH\index.php(59): CodeIgniter\Boot::bootWeb(Object(Config\Paths))
DEBUG - 2025-07-24 04:56:38 --> Session: Class initialized using 'CodeIgniter\Session\Handlers\FileHandler' driver.
CRITICAL - 2025-07-24 04:56:38 --> ErrorException: Attempt to read property "id" on array
[Method: GET, Route: pemindahan/verifikasi-detail/45]
in APPPATH\Views\pemindahan\verifikasi_detail.php on line 78.
 1 APPPATH\Views\pemindahan\verifikasi_detail.php(78): CodeIgniter\Debug\Exceptions->errorHandler(2, 'Attempt to read property "id" on array', 'C:\\laragon\\www\\beta_project\\app\\Views\\pemindahan\\verifikasi_detail.php', 78)
 2 SYSTEMPATH\View\View.php(224): include('C:\\laragon\\www\\beta_project\\app\\Views\\pemindahan\\verifikasi_detail.php')
 3 SYSTEMPATH\View\View.php(227): CodeIgniter\View\View->CodeIgniter\View\{closure}()
 4 SYSTEMPATH\Common.php(1173): CodeIgniter\View\View->render('pemindahan/verifikasi_detail', [], true)
 5 APPPATH\Controllers\Pemindahan.php(297): view('pemindahan/verifikasi_detail', [...])
 6 SYSTEMPATH\CodeIgniter.php(933): App\Controllers\Pemindahan->verifikasiDetail('45')
 7 SYSTEMPATH\CodeIgniter.php(507): CodeIgniter\CodeIgniter->runController(Object(App\Controllers\Pemindahan))
 8 SYSTEMPATH\CodeIgniter.php(354): CodeIgniter\CodeIgniter->handleRequest(null, Object(Config\Cache), false)
 9 SYSTEMPATH\Boot.php(334): CodeIgniter\CodeIgniter->run()
10 SYSTEMPATH\Boot.php(67): CodeIgniter\Boot::runCodeIgniter(Object(CodeIgniter\CodeIgniter))
11 FCPATH\index.php(59): CodeIgniter\Boot::bootWeb(Object(Config\Paths))
DEBUG - 2025-07-24 04:56:40 --> Session: Class initialized using 'CodeIgniter\Session\Handlers\FileHandler' driver.
CRITICAL - 2025-07-24 04:56:40 --> ErrorException: Attempt to read property "id" on array
[Method: GET, Route: pemindahan/verifikasi-detail/45]
in APPPATH\Views\pemindahan\verifikasi_detail.php on line 78.
 1 APPPATH\Views\pemindahan\verifikasi_detail.php(78): CodeIgniter\Debug\Exceptions->errorHandler(2, 'Attempt to read property "id" on array', 'C:\\laragon\\www\\beta_project\\app\\Views\\pemindahan\\verifikasi_detail.php', 78)
 2 SYSTEMPATH\View\View.php(224): include('C:\\laragon\\www\\beta_project\\app\\Views\\pemindahan\\verifikasi_detail.php')
 3 SYSTEMPATH\View\View.php(227): CodeIgniter\View\View->CodeIgniter\View\{closure}()
 4 SYSTEMPATH\Common.php(1173): CodeIgniter\View\View->render('pemindahan/verifikasi_detail', [], true)
 5 APPPATH\Controllers\Pemindahan.php(297): view('pemindahan/verifikasi_detail', [...])
 6 SYSTEMPATH\CodeIgniter.php(933): App\Controllers\Pemindahan->verifikasiDetail('45')
 7 SYSTEMPATH\CodeIgniter.php(507): CodeIgniter\CodeIgniter->runController(Object(App\Controllers\Pemindahan))
 8 SYSTEMPATH\CodeIgniter.php(354): CodeIgniter\CodeIgniter->handleRequest(null, Object(Config\Cache), false)
 9 SYSTEMPATH\Boot.php(334): CodeIgniter\CodeIgniter->run()
10 SYSTEMPATH\Boot.php(67): CodeIgniter\Boot::runCodeIgniter(Object(CodeIgniter\CodeIgniter))
11 FCPATH\index.php(59): CodeIgniter\Boot::bootWeb(Object(Config\Paths))
DEBUG - 2025-07-24 04:59:16 --> Session: Class initialized using 'CodeIgniter\Session\Handlers\FileHandler' driver.
DEBUG - 2025-07-24 04:59:17 --> Session: Class initialized using 'CodeIgniter\Session\Handlers\FileHandler' driver.
DEBUG - 2025-07-24 04:59:20 --> Session: Class initialized using 'CodeIgniter\Session\Handlers\FileHandler' driver.
DEBUG - 2025-07-24 04:59:20 --> Session: Class initialized using 'CodeIgniter\Session\Handlers\FileHandler' driver.
DEBUG - 2025-07-24 04:59:21 --> Session: Class initialized using 'CodeIgniter\Session\Handlers\FileHandler' driver.
DEBUG - 2025-07-24 04:59:21 --> Session: Class initialized using 'CodeIgniter\Session\Handlers\FileHandler' driver.
DEBUG - 2025-07-24 04:59:22 --> Session: Class initialized using 'CodeIgniter\Session\Handlers\FileHandler' driver.
DEBUG - 2025-07-24 04:59:23 --> Session: Class initialized using 'CodeIgniter\Session\Handlers\FileHandler' driver.
DEBUG - 2025-07-24 04:59:24 --> Session: Class initialized using 'CodeIgniter\Session\Handlers\FileHandler' driver.
DEBUG - 2025-07-24 04:59:24 --> Session: Class initialized using 'CodeIgniter\Session\Handlers\FileHandler' driver.
DEBUG - 2025-07-24 04:59:26 --> Session: Class initialized using 'CodeIgniter\Session\Handlers\FileHandler' driver.
DEBUG - 2025-07-24 04:59:26 --> Session: Class initialized using 'CodeIgniter\Session\Handlers\FileHandler' driver.
DEBUG - 2025-07-24 05:02:40 --> Session: Class initialized using 'CodeIgniter\Session\Handlers\FileHandler' driver.
DEBUG - 2025-07-24 05:02:40 --> Session: Class initialized using 'CodeIgniter\Session\Handlers\FileHandler' driver.
DEBUG - 2025-07-24 05:02:42 --> Session: Class initialized using 'CodeIgniter\Session\Handlers\FileHandler' driver.
DEBUG - 2025-07-24 05:02:42 --> Session: Class initialized using 'CodeIgniter\Session\Handlers\FileHandler' driver.
DEBUG - 2025-07-24 07:18:18 --> Session: Class initialized using 'CodeIgniter\Session\Handlers\FileHandler' driver.
DEBUG - 2025-07-24 07:18:19 --> Session: Class initialized using 'CodeIgniter\Session\Handlers\FileHandler' driver.
DEBUG - 2025-07-24 07:19:20 --> Session: Class initialized using 'CodeIgniter\Session\Handlers\FileHandler' driver.
DEBUG - 2025-07-24 07:19:20 --> Session: Class initialized using 'CodeIgniter\Session\Handlers\FileHandler' driver.
DEBUG - 2025-07-24 07:19:23 --> Session: Class initialized using 'CodeIgniter\Session\Handlers\FileHandler' driver.
DEBUG - 2025-07-24 07:19:23 --> Session: Class initialized using 'CodeIgniter\Session\Handlers\FileHandler' driver.
DEBUG - 2025-07-24 07:19:26 --> Session: Class initialized using 'CodeIgniter\Session\Handlers\FileHandler' driver.
DEBUG - 2025-07-24 07:19:26 --> Session: Class initialized using 'CodeIgniter\Session\Handlers\FileHandler' driver.
DEBUG - 2025-07-24 07:19:27 --> Session: Class initialized using 'CodeIgniter\Session\Handlers\FileHandler' driver.
DEBUG - 2025-07-24 07:19:27 --> Session: Class initialized using 'CodeIgniter\Session\Handlers\FileHandler' driver.
DEBUG - 2025-07-24 07:19:37 --> Session: Class initialized using 'CodeIgniter\Session\Handlers\FileHandler' driver.
DEBUG - 2025-07-24 07:19:37 --> Session: Class initialized using 'CodeIgniter\Session\Handlers\FileHandler' driver.
DEBUG - 2025-07-24 07:19:39 --> Session: Class initialized using 'CodeIgniter\Session\Handlers\FileHandler' driver.
DEBUG - 2025-07-24 07:19:39 --> Session: Class initialized using 'CodeIgniter\Session\Handlers\FileHandler' driver.
DEBUG - 2025-07-24 07:19:52 --> Session: Class initialized using 'CodeIgniter\Session\Handlers\FileHandler' driver.
DEBUG - 2025-07-24 07:19:52 --> Session: Class initialized using 'CodeIgniter\Session\Handlers\FileHandler' driver.
DEBUG - 2025-07-24 07:19:55 --> Session: Class initialized using 'CodeIgniter\Session\Handlers\FileHandler' driver.
DEBUG - 2025-07-24 07:20:05 --> Session: Class initialized using 'CodeIgniter\Session\Handlers\FileHandler' driver.
DEBUG - 2025-07-24 07:20:05 --> Session: Class initialized using 'CodeIgniter\Session\Handlers\FileHandler' driver.
DEBUG - 2025-07-24 07:20:08 --> Session: Class initialized using 'CodeIgniter\Session\Handlers\FileHandler' driver.
DEBUG - 2025-07-24 07:20:08 --> Session: Class initialized using 'CodeIgniter\Session\Handlers\FileHandler' driver.
DEBUG - 2025-07-24 07:20:09 --> Session: Class initialized using 'CodeIgniter\Session\Handlers\FileHandler' driver.
DEBUG - 2025-07-24 07:20:09 --> Session: Class initialized using 'CodeIgniter\Session\Handlers\FileHandler' driver.
DEBUG - 2025-07-24 07:31:08 --> Session: Class initialized using 'CodeIgniter\Session\Handlers\FileHandler' driver.
DEBUG - 2025-07-24 07:31:09 --> Session: Class initialized using 'CodeIgniter\Session\Handlers\FileHandler' driver.
DEBUG - 2025-07-24 07:31:12 --> Session: Class initialized using 'CodeIgniter\Session\Handlers\FileHandler' driver.
DEBUG - 2025-07-24 07:31:12 --> Session: Class initialized using 'CodeIgniter\Session\Handlers\FileHandler' driver.
ERROR - 2025-07-24 07:31:12 --> mysqli_sql_exception: Unknown column 'es2.kode_es2' in 'field list' in C:\laragon\www\beta_project\system\Database\MySQLi\Connection.php:327
Stack trace:
#0 C:\laragon\www\beta_project\system\Database\MySQLi\Connection.php(327): mysqli->query('SELECT `item_ak...', 0)
#1 C:\laragon\www\beta_project\system\Database\BaseConnection.php(738): CodeIgniter\Database\MySQLi\Connection->execute('SELECT `item_ak...')
#2 C:\laragon\www\beta_project\system\Database\BaseConnection.php(652): CodeIgniter\Database\BaseConnection->simpleQuery('SELECT `item_ak...')
#3 C:\laragon\www\beta_project\system\Database\BaseBuilder.php(1649): CodeIgniter\Database\BaseConnection->query('SELECT `item_ak...', Array, false)
#4 C:\laragon\www\beta_project\app\Controllers\Pemindahan.php(284): CodeIgniter\Database\BaseBuilder->get(NULL, 0, false)
#5 C:\laragon\www\beta_project\system\CodeIgniter.php(933): App\Controllers\Pemindahan->getDataVerifikasi()
#6 C:\laragon\www\beta_project\system\CodeIgniter.php(507): CodeIgniter\CodeIgniter->runController(Object(App\Controllers\Pemindahan))
#7 C:\laragon\www\beta_project\system\CodeIgniter.php(354): CodeIgniter\CodeIgniter->handleRequest(NULL, Object(Config\Cache), false)
#8 C:\laragon\www\beta_project\system\Boot.php(334): CodeIgniter\CodeIgniter->run()
#9 C:\laragon\www\beta_project\system\Boot.php(67): CodeIgniter\Boot::runCodeIgniter(Object(CodeIgniter\CodeIgniter))
#10 C:\laragon\www\beta_project\public\index.php(59): CodeIgniter\Boot::bootWeb(Object(Config\Paths))
#11 {main}
ERROR - 2025-07-24 07:31:12 --> [Pemindahan_GetDataVerifikasi] Unknown column 'es2.kode_es2' in 'field list'
DEBUG - 2025-07-24 07:31:21 --> Session: Class initialized using 'CodeIgniter\Session\Handlers\FileHandler' driver.
DEBUG - 2025-07-24 07:31:22 --> Session: Class initialized using 'CodeIgniter\Session\Handlers\FileHandler' driver.
ERROR - 2025-07-24 07:31:22 --> mysqli_sql_exception: Unknown column 'es2.kode_es2' in 'field list' in C:\laragon\www\beta_project\system\Database\MySQLi\Connection.php:327
Stack trace:
#0 C:\laragon\www\beta_project\system\Database\MySQLi\Connection.php(327): mysqli->query('SELECT `item_ak...', 0)
#1 C:\laragon\www\beta_project\system\Database\BaseConnection.php(738): CodeIgniter\Database\MySQLi\Connection->execute('SELECT `item_ak...')
#2 C:\laragon\www\beta_project\system\Database\BaseConnection.php(652): CodeIgniter\Database\BaseConnection->simpleQuery('SELECT `item_ak...')
#3 C:\laragon\www\beta_project\system\Database\BaseBuilder.php(1649): CodeIgniter\Database\BaseConnection->query('SELECT `item_ak...', Array, false)
#4 C:\laragon\www\beta_project\app\Controllers\Pemindahan.php(284): CodeIgniter\Database\BaseBuilder->get(NULL, 0, false)
#5 C:\laragon\www\beta_project\system\CodeIgniter.php(933): App\Controllers\Pemindahan->getDataVerifikasi()
#6 C:\laragon\www\beta_project\system\CodeIgniter.php(507): CodeIgniter\CodeIgniter->runController(Object(App\Controllers\Pemindahan))
#7 C:\laragon\www\beta_project\system\CodeIgniter.php(354): CodeIgniter\CodeIgniter->handleRequest(NULL, Object(Config\Cache), false)
#8 C:\laragon\www\beta_project\system\Boot.php(334): CodeIgniter\CodeIgniter->run()
#9 C:\laragon\www\beta_project\system\Boot.php(67): CodeIgniter\Boot::runCodeIgniter(Object(CodeIgniter\CodeIgniter))
#10 C:\laragon\www\beta_project\public\index.php(59): CodeIgniter\Boot::bootWeb(Object(Config\Paths))
#11 {main}
ERROR - 2025-07-24 07:31:22 --> [Pemindahan_GetDataVerifikasi] Unknown column 'es2.kode_es2' in 'field list'
DEBUG - 2025-07-24 07:33:39 --> Session: Class initialized using 'CodeIgniter\Session\Handlers\FileHandler' driver.
DEBUG - 2025-07-24 07:33:39 --> Session: Class initialized using 'CodeIgniter\Session\Handlers\FileHandler' driver.
ERROR - 2025-07-24 07:33:39 --> mysqli_sql_exception: Unknown column 'es2.kode_es2' in 'field list' in C:\laragon\www\beta_project\system\Database\MySQLi\Connection.php:327
Stack trace:
#0 C:\laragon\www\beta_project\system\Database\MySQLi\Connection.php(327): mysqli->query('SELECT `item_ak...', 0)
#1 C:\laragon\www\beta_project\system\Database\BaseConnection.php(738): CodeIgniter\Database\MySQLi\Connection->execute('SELECT `item_ak...')
#2 C:\laragon\www\beta_project\system\Database\BaseConnection.php(652): CodeIgniter\Database\BaseConnection->simpleQuery('SELECT `item_ak...')
#3 C:\laragon\www\beta_project\system\Database\BaseBuilder.php(1649): CodeIgniter\Database\BaseConnection->query('SELECT `item_ak...', Array, false)
#4 C:\laragon\www\beta_project\app\Controllers\Pemindahan.php(284): CodeIgniter\Database\BaseBuilder->get(NULL, 0, false)
#5 C:\laragon\www\beta_project\system\CodeIgniter.php(933): App\Controllers\Pemindahan->getDataVerifikasi()
#6 C:\laragon\www\beta_project\system\CodeIgniter.php(507): CodeIgniter\CodeIgniter->runController(Object(App\Controllers\Pemindahan))
#7 C:\laragon\www\beta_project\system\CodeIgniter.php(354): CodeIgniter\CodeIgniter->handleRequest(NULL, Object(Config\Cache), false)
#8 C:\laragon\www\beta_project\system\Boot.php(334): CodeIgniter\CodeIgniter->run()
#9 C:\laragon\www\beta_project\system\Boot.php(67): CodeIgniter\Boot::runCodeIgniter(Object(CodeIgniter\CodeIgniter))
#10 C:\laragon\www\beta_project\public\index.php(59): CodeIgniter\Boot::bootWeb(Object(Config\Paths))
#11 {main}
ERROR - 2025-07-24 07:33:39 --> [Pemindahan_GetDataVerifikasi] Unknown column 'es2.kode_es2' in 'field list'
DEBUG - 2025-07-24 07:41:01 --> Session: Class initialized using 'CodeIgniter\Session\Handlers\FileHandler' driver.
DEBUG - 2025-07-24 07:41:01 --> Session: Class initialized using 'CodeIgniter\Session\Handlers\FileHandler' driver.
ERROR - 2025-07-24 07:41:01 --> mysqli_sql_exception: Unknown column 'es2.kode_es2' in 'field list' in C:\laragon\www\beta_project\system\Database\MySQLi\Connection.php:327
Stack trace:
#0 C:\laragon\www\beta_project\system\Database\MySQLi\Connection.php(327): mysqli->query('SELECT `item_ak...', 0)
#1 C:\laragon\www\beta_project\system\Database\BaseConnection.php(738): CodeIgniter\Database\MySQLi\Connection->execute('SELECT `item_ak...')
#2 C:\laragon\www\beta_project\system\Database\BaseConnection.php(652): CodeIgniter\Database\BaseConnection->simpleQuery('SELECT `item_ak...')
#3 C:\laragon\www\beta_project\system\Database\BaseBuilder.php(1649): CodeIgniter\Database\BaseConnection->query('SELECT `item_ak...', Array, false)
#4 C:\laragon\www\beta_project\app\Controllers\Pemindahan.php(284): CodeIgniter\Database\BaseBuilder->get(NULL, 0, false)
#5 C:\laragon\www\beta_project\system\CodeIgniter.php(933): App\Controllers\Pemindahan->getDataVerifikasi()
#6 C:\laragon\www\beta_project\system\CodeIgniter.php(507): CodeIgniter\CodeIgniter->runController(Object(App\Controllers\Pemindahan))
#7 C:\laragon\www\beta_project\system\CodeIgniter.php(354): CodeIgniter\CodeIgniter->handleRequest(NULL, Object(Config\Cache), false)
#8 C:\laragon\www\beta_project\system\Boot.php(334): CodeIgniter\CodeIgniter->run()
#9 C:\laragon\www\beta_project\system\Boot.php(67): CodeIgniter\Boot::runCodeIgniter(Object(CodeIgniter\CodeIgniter))
#10 C:\laragon\www\beta_project\public\index.php(59): CodeIgniter\Boot::bootWeb(Object(Config\Paths))
#11 {main}
ERROR - 2025-07-24 07:41:01 --> [Pemindahan_GetDataVerifikasi] Unknown column 'es2.kode_es2' in 'field list'
DEBUG - 2025-07-24 07:41:27 --> Session: Class initialized using 'CodeIgniter\Session\Handlers\FileHandler' driver.
DEBUG - 2025-07-24 07:41:27 --> Session: Class initialized using 'CodeIgniter\Session\Handlers\FileHandler' driver.
ERROR - 2025-07-24 07:41:27 --> mysqli_sql_exception: Unknown column 'es2.kode_es2' in 'field list' in C:\laragon\www\beta_project\system\Database\MySQLi\Connection.php:327
Stack trace:
#0 C:\laragon\www\beta_project\system\Database\MySQLi\Connection.php(327): mysqli->query('SELECT `item_ak...', 0)
#1 C:\laragon\www\beta_project\system\Database\BaseConnection.php(738): CodeIgniter\Database\MySQLi\Connection->execute('SELECT `item_ak...')
#2 C:\laragon\www\beta_project\system\Database\BaseConnection.php(652): CodeIgniter\Database\BaseConnection->simpleQuery('SELECT `item_ak...')
#3 C:\laragon\www\beta_project\system\Database\BaseBuilder.php(1649): CodeIgniter\Database\BaseConnection->query('SELECT `item_ak...', Array, false)
#4 C:\laragon\www\beta_project\app\Controllers\Pemindahan.php(284): CodeIgniter\Database\BaseBuilder->get(NULL, 0, false)
#5 C:\laragon\www\beta_project\system\CodeIgniter.php(933): App\Controllers\Pemindahan->getDataVerifikasi()
#6 C:\laragon\www\beta_project\system\CodeIgniter.php(507): CodeIgniter\CodeIgniter->runController(Object(App\Controllers\Pemindahan))
#7 C:\laragon\www\beta_project\system\CodeIgniter.php(354): CodeIgniter\CodeIgniter->handleRequest(NULL, Object(Config\Cache), false)
#8 C:\laragon\www\beta_project\system\Boot.php(334): CodeIgniter\CodeIgniter->run()
#9 C:\laragon\www\beta_project\system\Boot.php(67): CodeIgniter\Boot::runCodeIgniter(Object(CodeIgniter\CodeIgniter))
#10 C:\laragon\www\beta_project\public\index.php(59): CodeIgniter\Boot::bootWeb(Object(Config\Paths))
#11 {main}
ERROR - 2025-07-24 07:41:27 --> [Pemindahan_GetDataVerifikasi] Unknown column 'es2.kode_es2' in 'field list'
DEBUG - 2025-07-24 07:42:14 --> Session: Class initialized using 'CodeIgniter\Session\Handlers\FileHandler' driver.
DEBUG - 2025-07-24 07:42:14 --> Session: Class initialized using 'CodeIgniter\Session\Handlers\FileHandler' driver.
ERROR - 2025-07-24 07:42:14 --> mysqli_sql_exception: Unknown column 'es2.kode_es2' in 'field list' in C:\laragon\www\beta_project\system\Database\MySQLi\Connection.php:327
Stack trace:
#0 C:\laragon\www\beta_project\system\Database\MySQLi\Connection.php(327): mysqli->query('SELECT `item_ak...', 0)
#1 C:\laragon\www\beta_project\system\Database\BaseConnection.php(738): CodeIgniter\Database\MySQLi\Connection->execute('SELECT `item_ak...')
#2 C:\laragon\www\beta_project\system\Database\BaseConnection.php(652): CodeIgniter\Database\BaseConnection->simpleQuery('SELECT `item_ak...')
#3 C:\laragon\www\beta_project\system\Database\BaseBuilder.php(1649): CodeIgniter\Database\BaseConnection->query('SELECT `item_ak...', Array, false)
#4 C:\laragon\www\beta_project\app\Controllers\Pemindahan.php(284): CodeIgniter\Database\BaseBuilder->get(NULL, 0, false)
#5 C:\laragon\www\beta_project\system\CodeIgniter.php(933): App\Controllers\Pemindahan->getDataVerifikasi()
#6 C:\laragon\www\beta_project\system\CodeIgniter.php(507): CodeIgniter\CodeIgniter->runController(Object(App\Controllers\Pemindahan))
#7 C:\laragon\www\beta_project\system\CodeIgniter.php(354): CodeIgniter\CodeIgniter->handleRequest(NULL, Object(Config\Cache), false)
#8 C:\laragon\www\beta_project\system\Boot.php(334): CodeIgniter\CodeIgniter->run()
#9 C:\laragon\www\beta_project\system\Boot.php(67): CodeIgniter\Boot::runCodeIgniter(Object(CodeIgniter\CodeIgniter))
#10 C:\laragon\www\beta_project\public\index.php(59): CodeIgniter\Boot::bootWeb(Object(Config\Paths))
#11 {main}
ERROR - 2025-07-24 07:42:14 --> [Pemindahan_GetDataVerifikasi] Unknown column 'es2.kode_es2' in 'field list'
DEBUG - 2025-07-24 07:44:40 --> Session: Class initialized using 'CodeIgniter\Session\Handlers\FileHandler' driver.
DEBUG - 2025-07-24 07:44:40 --> Session: Class initialized using 'CodeIgniter\Session\Handlers\FileHandler' driver.
ERROR - 2025-07-24 07:44:41 --> mysqli_sql_exception: Unknown column 'es2.kode_es2' in 'field list' in C:\laragon\www\beta_project\system\Database\MySQLi\Connection.php:327
Stack trace:
#0 C:\laragon\www\beta_project\system\Database\MySQLi\Connection.php(327): mysqli->query('SELECT COUNT(*)...', 0)
#1 C:\laragon\www\beta_project\system\Database\BaseConnection.php(738): CodeIgniter\Database\MySQLi\Connection->execute('SELECT COUNT(*)...')
#2 C:\laragon\www\beta_project\system\Database\BaseConnection.php(652): CodeIgniter\Database\BaseConnection->simpleQuery('SELECT COUNT(*)...')
#3 C:\laragon\www\beta_project\app\Controllers\Pemindahan.php(283): CodeIgniter\Database\BaseConnection->query('SELECT COUNT(*)...')
#4 C:\laragon\www\beta_project\system\CodeIgniter.php(933): App\Controllers\Pemindahan->getDataVerifikasi()
#5 C:\laragon\www\beta_project\system\CodeIgniter.php(507): CodeIgniter\CodeIgniter->runController(Object(App\Controllers\Pemindahan))
#6 C:\laragon\www\beta_project\system\CodeIgniter.php(354): CodeIgniter\CodeIgniter->handleRequest(NULL, Object(Config\Cache), false)
#7 C:\laragon\www\beta_project\system\Boot.php(334): CodeIgniter\CodeIgniter->run()
#8 C:\laragon\www\beta_project\system\Boot.php(67): CodeIgniter\Boot::runCodeIgniter(Object(CodeIgniter\CodeIgniter))
#9 C:\laragon\www\beta_project\public\index.php(59): CodeIgniter\Boot::bootWeb(Object(Config\Paths))
#10 {main}
ERROR - 2025-07-24 07:44:41 --> [Pemindahan_GetDataVerifikasi] DatabaseException: Unknown column 'es2.kode_es2' in 'field list'
DEBUG - 2025-07-24 07:45:06 --> Session: Class initialized using 'CodeIgniter\Session\Handlers\FileHandler' driver.
DEBUG - 2025-07-24 07:45:07 --> Session: Class initialized using 'CodeIgniter\Session\Handlers\FileHandler' driver.
ERROR - 2025-07-24 07:45:07 --> mysqli_sql_exception: Unknown column 'es2.kode_es2' in 'group statement' in C:\laragon\www\beta_project\system\Database\MySQLi\Connection.php:327
Stack trace:
#0 C:\laragon\www\beta_project\system\Database\MySQLi\Connection.php(327): mysqli->query('SELECT COUNT(*)...', 0)
#1 C:\laragon\www\beta_project\system\Database\BaseConnection.php(738): CodeIgniter\Database\MySQLi\Connection->execute('SELECT COUNT(*)...')
#2 C:\laragon\www\beta_project\system\Database\BaseConnection.php(652): CodeIgniter\Database\BaseConnection->simpleQuery('SELECT COUNT(*)...')
#3 C:\laragon\www\beta_project\app\Controllers\Pemindahan.php(283): CodeIgniter\Database\BaseConnection->query('SELECT COUNT(*)...')
#4 C:\laragon\www\beta_project\system\CodeIgniter.php(933): App\Controllers\Pemindahan->getDataVerifikasi()
#5 C:\laragon\www\beta_project\system\CodeIgniter.php(507): CodeIgniter\CodeIgniter->runController(Object(App\Controllers\Pemindahan))
#6 C:\laragon\www\beta_project\system\CodeIgniter.php(354): CodeIgniter\CodeIgniter->handleRequest(NULL, Object(Config\Cache), false)
#7 C:\laragon\www\beta_project\system\Boot.php(334): CodeIgniter\CodeIgniter->run()
#8 C:\laragon\www\beta_project\system\Boot.php(67): CodeIgniter\Boot::runCodeIgniter(Object(CodeIgniter\CodeIgniter))
#9 C:\laragon\www\beta_project\public\index.php(59): CodeIgniter\Boot::bootWeb(Object(Config\Paths))
#10 {main}
ERROR - 2025-07-24 07:45:07 --> [Pemindahan_GetDataVerifikasi] DatabaseException: Unknown column 'es2.kode_es2' in 'group statement'
DEBUG - 2025-07-24 07:46:07 --> Session: Class initialized using 'CodeIgniter\Session\Handlers\FileHandler' driver.
DEBUG - 2025-07-24 07:46:08 --> Session: Class initialized using 'CodeIgniter\Session\Handlers\FileHandler' driver.
ERROR - 2025-07-24 07:46:08 --> DEBUG SQL getDataVerifikasi: SELECT *
FROM `item_aktif`
 LIMIT 10
DEBUG - 2025-07-24 07:46:52 --> Session: Class initialized using 'CodeIgniter\Session\Handlers\FileHandler' driver.
DEBUG - 2025-07-24 07:46:52 --> Session: Class initialized using 'CodeIgniter\Session\Handlers\FileHandler' driver.
ERROR - 2025-07-24 07:46:52 --> DEBUG SQL getDataVerifikasi: SELECT *
FROM `item_aktif`
 LIMIT 10
DEBUG - 2025-07-24 07:48:08 --> Session: Class initialized using 'CodeIgniter\Session\Handlers\FileHandler' driver.
DEBUG - 2025-07-24 07:48:08 --> Session: Class initialized using 'CodeIgniter\Session\Handlers\FileHandler' driver.
ERROR - 2025-07-24 07:48:08 --> DEBUG SQL getDataVerifikasi: SELECT *
FROM `item_aktif`
 LIMIT 10
DEBUG - 2025-07-24 07:48:24 --> Session: Class initialized using 'CodeIgniter\Session\Handlers\FileHandler' driver.
DEBUG - 2025-07-24 07:48:24 --> Session: Class initialized using 'CodeIgniter\Session\Handlers\FileHandler' driver.
ERROR - 2025-07-24 07:48:24 --> DEBUG SQL getDataVerifikasi: SELECT *
FROM `item_aktif`
 LIMIT 10
DEBUG - 2025-07-24 07:52:13 --> Session: Class initialized using 'CodeIgniter\Session\Handlers\FileHandler' driver.
DEBUG - 2025-07-24 07:52:13 --> Session: Class initialized using 'CodeIgniter\Session\Handlers\FileHandler' driver.
ERROR - 2025-07-24 07:52:13 --> DEBUG JSON Verifikasi: [{"id_user":"45","nama_pengusul":"Arini Zain","kode":"PW10","nama_es3":"Bagian Umum","tgl_usulan":"2025-07-24 00:50:46","jumlah":"1"}]
DEBUG - 2025-07-24 07:52:27 --> Session: Class initialized using 'CodeIgniter\Session\Handlers\FileHandler' driver.
DEBUG - 2025-07-24 07:52:27 --> Session: Class initialized using 'CodeIgniter\Session\Handlers\FileHandler' driver.
ERROR - 2025-07-24 07:52:27 --> DEBUG JSON Verifikasi: [{"id_user":"45","nama_pengusul":"Arini Zain","kode":"PW10","nama_es3":"Bagian Umum","tgl_usulan":"2025-07-24 00:50:46","jumlah":"1"}]
DEBUG - 2025-07-24 07:52:31 --> Session: Class initialized using 'CodeIgniter\Session\Handlers\FileHandler' driver.
DEBUG - 2025-07-24 08:03:35 --> Session: Class initialized using 'CodeIgniter\Session\Handlers\FileHandler' driver.
DEBUG - 2025-07-24 08:03:35 --> Session: Class initialized using 'CodeIgniter\Session\Handlers\FileHandler' driver.
DEBUG - 2025-07-24 08:04:07 --> Session: Class initialized using 'CodeIgniter\Session\Handlers\FileHandler' driver.
DEBUG - 2025-07-24 08:04:07 --> Session: Class initialized using 'CodeIgniter\Session\Handlers\FileHandler' driver.
DEBUG - 2025-07-24 08:07:45 --> Session: Class initialized using 'CodeIgniter\Session\Handlers\FileHandler' driver.
DEBUG - 2025-07-24 08:07:46 --> Session: Class initialized using 'CodeIgniter\Session\Handlers\FileHandler' driver.
DEBUG - 2025-07-24 08:07:53 --> Session: Class initialized using 'CodeIgniter\Session\Handlers\FileHandler' driver.
DEBUG - 2025-07-24 08:07:55 --> Session: Class initialized using 'CodeIgniter\Session\Handlers\FileHandler' driver.
DEBUG - 2025-07-24 08:07:55 --> Session: Class initialized using 'CodeIgniter\Session\Handlers\FileHandler' driver.
DEBUG - 2025-07-24 08:07:59 --> Session: Class initialized using 'CodeIgniter\Session\Handlers\FileHandler' driver.
DEBUG - 2025-07-24 08:08:00 --> Session: Class initialized using 'CodeIgniter\Session\Handlers\FileHandler' driver.
DEBUG - 2025-07-24 08:08:01 --> Session: Class initialized using 'CodeIgniter\Session\Handlers\FileHandler' driver.
DEBUG - 2025-07-24 08:08:01 --> Session: Class initialized using 'CodeIgniter\Session\Handlers\FileHandler' driver.
DEBUG - 2025-07-24 08:08:05 --> Session: Class initialized using 'CodeIgniter\Session\Handlers\FileHandler' driver.
DEBUG - 2025-07-24 08:08:05 --> Session: Class initialized using 'CodeIgniter\Session\Handlers\FileHandler' driver.
DEBUG - 2025-07-24 08:08:06 --> Session: Class initialized using 'CodeIgniter\Session\Handlers\FileHandler' driver.
DEBUG - 2025-07-24 08:08:07 --> Session: Class initialized using 'CodeIgniter\Session\Handlers\FileHandler' driver.
DEBUG - 2025-07-24 08:08:09 --> Session: Class initialized using 'CodeIgniter\Session\Handlers\FileHandler' driver.
DEBUG - 2025-07-24 08:08:09 --> Session: Class initialized using 'CodeIgniter\Session\Handlers\FileHandler' driver.
DEBUG - 2025-07-24 08:08:56 --> Session: Class initialized using 'CodeIgniter\Session\Handlers\FileHandler' driver.
DEBUG - 2025-07-24 08:08:56 --> Session: Class initialized using 'CodeIgniter\Session\Handlers\FileHandler' driver.
DEBUG - 2025-07-24 08:09:09 --> Session: Class initialized using 'CodeIgniter\Session\Handlers\FileHandler' driver.
DEBUG - 2025-07-24 08:09:09 --> Session: Class initialized using 'CodeIgniter\Session\Handlers\FileHandler' driver.
DEBUG - 2025-07-24 08:09:10 --> Session: Class initialized using 'CodeIgniter\Session\Handlers\FileHandler' driver.
DEBUG - 2025-07-24 08:09:10 --> Session: Class initialized using 'CodeIgniter\Session\Handlers\FileHandler' driver.
DEBUG - 2025-07-24 08:09:11 --> Session: Class initialized using 'CodeIgniter\Session\Handlers\FileHandler' driver.
DEBUG - 2025-07-24 08:09:11 --> Session: Class initialized using 'CodeIgniter\Session\Handlers\FileHandler' driver.
DEBUG - 2025-07-24 08:09:11 --> Session: Class initialized using 'CodeIgniter\Session\Handlers\FileHandler' driver.
DEBUG - 2025-07-24 08:09:12 --> Session: Class initialized using 'CodeIgniter\Session\Handlers\FileHandler' driver.
DEBUG - 2025-07-24 08:09:12 --> Session: Class initialized using 'CodeIgniter\Session\Handlers\FileHandler' driver.
DEBUG - 2025-07-24 08:09:12 --> Session: Class initialized using 'CodeIgniter\Session\Handlers\FileHandler' driver.
DEBUG - 2025-07-24 08:09:13 --> Session: Class initialized using 'CodeIgniter\Session\Handlers\FileHandler' driver.
DEBUG - 2025-07-24 08:09:13 --> Session: Class initialized using 'CodeIgniter\Session\Handlers\FileHandler' driver.
DEBUG - 2025-07-24 08:09:13 --> Session: Class initialized using 'CodeIgniter\Session\Handlers\FileHandler' driver.
DEBUG - 2025-07-24 08:09:14 --> Session: Class initialized using 'CodeIgniter\Session\Handlers\FileHandler' driver.
DEBUG - 2025-07-24 08:09:14 --> Session: Class initialized using 'CodeIgniter\Session\Handlers\FileHandler' driver.
DEBUG - 2025-07-24 08:09:14 --> Session: Class initialized using 'CodeIgniter\Session\Handlers\FileHandler' driver.
DEBUG - 2025-07-24 08:09:15 --> Session: Class initialized using 'CodeIgniter\Session\Handlers\FileHandler' driver.
DEBUG - 2025-07-24 08:09:15 --> Session: Class initialized using 'CodeIgniter\Session\Handlers\FileHandler' driver.
DEBUG - 2025-07-24 08:09:15 --> Session: Class initialized using 'CodeIgniter\Session\Handlers\FileHandler' driver.
DEBUG - 2025-07-24 08:09:16 --> Session: Class initialized using 'CodeIgniter\Session\Handlers\FileHandler' driver.
DEBUG - 2025-07-24 08:09:16 --> Session: Class initialized using 'CodeIgniter\Session\Handlers\FileHandler' driver.
DEBUG - 2025-07-24 08:09:16 --> Session: Class initialized using 'CodeIgniter\Session\Handlers\FileHandler' driver.
DEBUG - 2025-07-24 08:09:17 --> Session: Class initialized using 'CodeIgniter\Session\Handlers\FileHandler' driver.
DEBUG - 2025-07-24 08:09:17 --> Session: Class initialized using 'CodeIgniter\Session\Handlers\FileHandler' driver.
DEBUG - 2025-07-24 08:09:17 --> Session: Class initialized using 'CodeIgniter\Session\Handlers\FileHandler' driver.
DEBUG - 2025-07-24 08:09:17 --> Session: Class initialized using 'CodeIgniter\Session\Handlers\FileHandler' driver.
DEBUG - 2025-07-24 08:09:18 --> Session: Class initialized using 'CodeIgniter\Session\Handlers\FileHandler' driver.
DEBUG - 2025-07-24 08:09:18 --> Session: Class initialized using 'CodeIgniter\Session\Handlers\FileHandler' driver.
DEBUG - 2025-07-24 08:09:18 --> Session: Class initialized using 'CodeIgniter\Session\Handlers\FileHandler' driver.
DEBUG - 2025-07-24 08:09:19 --> Session: Class initialized using 'CodeIgniter\Session\Handlers\FileHandler' driver.
DEBUG - 2025-07-24 08:09:19 --> Session: Class initialized using 'CodeIgniter\Session\Handlers\FileHandler' driver.
DEBUG - 2025-07-24 08:09:19 --> Session: Class initialized using 'CodeIgniter\Session\Handlers\FileHandler' driver.
DEBUG - 2025-07-24 08:09:20 --> Session: Class initialized using 'CodeIgniter\Session\Handlers\FileHandler' driver.
DEBUG - 2025-07-24 08:09:20 --> Session: Class initialized using 'CodeIgniter\Session\Handlers\FileHandler' driver.
DEBUG - 2025-07-24 08:09:20 --> Session: Class initialized using 'CodeIgniter\Session\Handlers\FileHandler' driver.
DEBUG - 2025-07-24 08:09:22 --> Session: Class initialized using 'CodeIgniter\Session\Handlers\FileHandler' driver.
DEBUG - 2025-07-24 08:09:23 --> Session: Class initialized using 'CodeIgniter\Session\Handlers\FileHandler' driver.
DEBUG - 2025-07-24 08:09:24 --> Session: Class initialized using 'CodeIgniter\Session\Handlers\FileHandler' driver.
DEBUG - 2025-07-24 08:09:28 --> Session: Class initialized using 'CodeIgniter\Session\Handlers\FileHandler' driver.
DEBUG - 2025-07-24 08:09:29 --> Session: Class initialized using 'CodeIgniter\Session\Handlers\FileHandler' driver.
DEBUG - 2025-07-24 08:09:54 --> Session: Class initialized using 'CodeIgniter\Session\Handlers\FileHandler' driver.
DEBUG - 2025-07-24 08:09:54 --> Session: Class initialized using 'CodeIgniter\Session\Handlers\FileHandler' driver.
DEBUG - 2025-07-24 08:09:55 --> Session: Class initialized using 'CodeIgniter\Session\Handlers\FileHandler' driver.
DEBUG - 2025-07-24 08:09:59 --> Session: Class initialized using 'CodeIgniter\Session\Handlers\FileHandler' driver.
DEBUG - 2025-07-24 08:09:59 --> Session: Class initialized using 'CodeIgniter\Session\Handlers\FileHandler' driver.
DEBUG - 2025-07-24 08:10:06 --> Session: Class initialized using 'CodeIgniter\Session\Handlers\FileHandler' driver.
DEBUG - 2025-07-24 08:10:06 --> Session: Class initialized using 'CodeIgniter\Session\Handlers\FileHandler' driver.
DEBUG - 2025-07-24 08:10:10 --> Session: Class initialized using 'CodeIgniter\Session\Handlers\FileHandler' driver.
DEBUG - 2025-07-24 08:10:10 --> Session: Class initialized using 'CodeIgniter\Session\Handlers\FileHandler' driver.
DEBUG - 2025-07-24 08:10:14 --> Session: Class initialized using 'CodeIgniter\Session\Handlers\FileHandler' driver.
DEBUG - 2025-07-24 08:10:14 --> Session: Class initialized using 'CodeIgniter\Session\Handlers\FileHandler' driver.
DEBUG - 2025-07-24 08:10:15 --> Session: Class initialized using 'CodeIgniter\Session\Handlers\FileHandler' driver.
DEBUG - 2025-07-24 08:10:16 --> Session: Class initialized using 'CodeIgniter\Session\Handlers\FileHandler' driver.
DEBUG - 2025-07-24 08:10:28 --> Session: Class initialized using 'CodeIgniter\Session\Handlers\FileHandler' driver.
DEBUG - 2025-07-24 08:10:29 --> Session: Class initialized using 'CodeIgniter\Session\Handlers\FileHandler' driver.
DEBUG - 2025-07-24 08:10:30 --> Session: Class initialized using 'CodeIgniter\Session\Handlers\FileHandler' driver.
DEBUG - 2025-07-24 08:10:37 --> Session: Class initialized using 'CodeIgniter\Session\Handlers\FileHandler' driver.
DEBUG - 2025-07-24 08:10:37 --> Session: Class initialized using 'CodeIgniter\Session\Handlers\FileHandler' driver.
DEBUG - 2025-07-24 08:14:34 --> Session: Class initialized using 'CodeIgniter\Session\Handlers\FileHandler' driver.
DEBUG - 2025-07-24 08:14:35 --> Session: Class initialized using 'CodeIgniter\Session\Handlers\FileHandler' driver.
DEBUG - 2025-07-24 08:32:18 --> Session: Class initialized using 'CodeIgniter\Session\Handlers\FileHandler' driver.
DEBUG - 2025-07-24 08:32:18 --> Session: Class initialized using 'CodeIgniter\Session\Handlers\FileHandler' driver.
DEBUG - 2025-07-24 08:32:20 --> Session: Class initialized using 'CodeIgniter\Session\Handlers\FileHandler' driver.
DEBUG - 2025-07-24 08:32:21 --> Session: Class initialized using 'CodeIgniter\Session\Handlers\FileHandler' driver.
DEBUG - 2025-07-24 08:32:29 --> Session: Class initialized using 'CodeIgniter\Session\Handlers\FileHandler' driver.
DEBUG - 2025-07-24 08:32:29 --> Session: Class initialized using 'CodeIgniter\Session\Handlers\FileHandler' driver.
DEBUG - 2025-07-24 08:32:47 --> Session: Class initialized using 'CodeIgniter\Session\Handlers\FileHandler' driver.
DEBUG - 2025-07-24 08:32:48 --> Session: Class initialized using 'CodeIgniter\Session\Handlers\FileHandler' driver.
DEBUG - 2025-07-24 08:37:07 --> Session: Class initialized using 'CodeIgniter\Session\Handlers\FileHandler' driver.
DEBUG - 2025-07-24 08:37:07 --> Session: Class initialized using 'CodeIgniter\Session\Handlers\FileHandler' driver.
DEBUG - 2025-07-24 08:37:17 --> Session: Class initialized using 'CodeIgniter\Session\Handlers\FileHandler' driver.
DEBUG - 2025-07-24 08:37:58 --> Session: Class initialized using 'CodeIgniter\Session\Handlers\FileHandler' driver.
DEBUG - 2025-07-24 08:38:58 --> Session: Class initialized using 'CodeIgniter\Session\Handlers\FileHandler' driver.
DEBUG - 2025-07-24 08:40:42 --> Session: Class initialized using 'CodeIgniter\Session\Handlers\FileHandler' driver.
DEBUG - 2025-07-24 08:50:34 --> Session: Class initialized using 'CodeIgniter\Session\Handlers\FileHandler' driver.
DEBUG - 2025-07-24 08:50:34 --> Session: Class initialized using 'CodeIgniter\Session\Handlers\FileHandler' driver.
DEBUG - 2025-07-24 08:55:38 --> Session: Class initialized using 'CodeIgniter\Session\Handlers\FileHandler' driver.
ERROR - 2025-07-24 08:55:38 --> mysqli_sql_exception: Duplicate entry '002' for key 'berita_acara.no_ba_unique' in C:\laragon\www\beta_project\system\Database\MySQLi\Connection.php:327
Stack trace:
#0 C:\laragon\www\beta_project\system\Database\MySQLi\Connection.php(327): mysqli->query('INSERT INTO `be...', 0)
#1 C:\laragon\www\beta_project\system\Database\BaseConnection.php(738): CodeIgniter\Database\MySQLi\Connection->execute('INSERT INTO `be...')
#2 C:\laragon\www\beta_project\system\Database\BaseConnection.php(652): CodeIgniter\Database\BaseConnection->simpleQuery('INSERT INTO `be...')
#3 C:\laragon\www\beta_project\system\Database\BaseBuilder.php(2345): CodeIgniter\Database\BaseConnection->query('INSERT INTO `be...', Array, false)
#4 C:\laragon\www\beta_project\app\Controllers\Pemindahan.php(441): CodeIgniter\Database\BaseBuilder->insert(Array)
#5 C:\laragon\www\beta_project\system\CodeIgniter.php(933): App\Controllers\Pemindahan->simpanBeritaAcara()
#6 C:\laragon\www\beta_project\system\CodeIgniter.php(507): CodeIgniter\CodeIgniter->runController(Object(App\Controllers\Pemindahan))
#7 C:\laragon\www\beta_project\system\CodeIgniter.php(354): CodeIgniter\CodeIgniter->handleRequest(NULL, Object(Config\Cache), false)
#8 C:\laragon\www\beta_project\system\Boot.php(334): CodeIgniter\CodeIgniter->run()
#9 C:\laragon\www\beta_project\system\Boot.php(67): CodeIgniter\Boot::runCodeIgniter(Object(CodeIgniter\CodeIgniter))
#10 C:\laragon\www\beta_project\public\index.php(59): CodeIgniter\Boot::bootWeb(Object(Config\Paths))
#11 {main}
DEBUG - 2025-07-24 09:02:43 --> Session: Class initialized using 'CodeIgniter\Session\Handlers\FileHandler' driver.
DEBUG - 2025-07-24 09:02:43 --> Session: Class initialized using 'CodeIgniter\Session\Handlers\FileHandler' driver.
DEBUG - 2025-07-24 09:03:01 --> Session: Class initialized using 'CodeIgniter\Session\Handlers\FileHandler' driver.
ERROR - 2025-07-24 09:03:01 --> [SimpanBA] Data POST diterima: {"no_ba":"002","tgl_ba":"2025-07-09","nama_pemindah":"Susanto","jabatan_pemindah":"Subkoor","nama_penerima":"Susanti","jabatan_penerima":"SUbkoor B","catatan":"","tabel-terverifikasi_length":"10","item_ids":["23"]}
ERROR - 2025-07-24 09:03:01 --> mysqli_sql_exception: Duplicate entry '002' for key 'berita_acara.no_ba_unique' in C:\laragon\www\beta_project\system\Database\MySQLi\Connection.php:327
Stack trace:
#0 C:\laragon\www\beta_project\system\Database\MySQLi\Connection.php(327): mysqli->query('INSERT INTO `be...', 0)
#1 C:\laragon\www\beta_project\system\Database\BaseConnection.php(738): CodeIgniter\Database\MySQLi\Connection->execute('INSERT INTO `be...')
#2 C:\laragon\www\beta_project\system\Database\BaseConnection.php(652): CodeIgniter\Database\BaseConnection->simpleQuery('INSERT INTO `be...')
#3 C:\laragon\www\beta_project\system\Database\BaseBuilder.php(2345): CodeIgniter\Database\BaseConnection->query('INSERT INTO `be...', Array, false)
#4 C:\laragon\www\beta_project\app\Controllers\Pemindahan.php(461): CodeIgniter\Database\BaseBuilder->insert(Array)
#5 C:\laragon\www\beta_project\system\CodeIgniter.php(933): App\Controllers\Pemindahan->simpanBeritaAcara()
#6 C:\laragon\www\beta_project\system\CodeIgniter.php(507): CodeIgniter\CodeIgniter->runController(Object(App\Controllers\Pemindahan))
#7 C:\laragon\www\beta_project\system\CodeIgniter.php(354): CodeIgniter\CodeIgniter->handleRequest(NULL, Object(Config\Cache), false)
#8 C:\laragon\www\beta_project\system\Boot.php(334): CodeIgniter\CodeIgniter->run()
#9 C:\laragon\www\beta_project\system\Boot.php(67): CodeIgniter\Boot::runCodeIgniter(Object(CodeIgniter\CodeIgniter))
#10 C:\laragon\www\beta_project\public\index.php(59): CodeIgniter\Boot::bootWeb(Object(Config\Paths))
#11 {main}
ERROR - 2025-07-24 09:03:01 --> [SimpanBA] Exception: Database transaction failed. Error: 
DEBUG - 2025-07-24 09:20:05 --> Session: Class initialized using 'CodeIgniter\Session\Handlers\FileHandler' driver.
ERROR - 2025-07-24 09:20:05 --> [SimpanBA] Data POST diterima: {"no_ba":"002","tgl_ba":"2025-07-09","nama_pemindah":"Susanto","jabatan_pemindah":"Subkoor","nama_penerima":"Susanti","jabatan_penerima":"SUbkoor B","catatan":"","tabel-terverifikasi_length":"10","item_ids":["23"]}
DEBUG - 2025-07-24 09:20:07 --> Session: Class initialized using 'CodeIgniter\Session\Handlers\FileHandler' driver.
ERROR - 2025-07-24 09:20:07 --> [SimpanBA] Data POST diterima: {"no_ba":"002","tgl_ba":"2025-07-09","nama_pemindah":"Susanto","jabatan_pemindah":"Subkoor","nama_penerima":"Susanti","jabatan_penerima":"SUbkoor B","catatan":"","tabel-terverifikasi_length":"10","item_ids":["23"]}
DEBUG - 2025-07-24 09:28:08 --> Session: Class initialized using 'CodeIgniter\Session\Handlers\FileHandler' driver.
DEBUG - 2025-07-24 09:28:09 --> Session: Class initialized using 'CodeIgniter\Session\Handlers\FileHandler' driver.
DEBUG - 2025-07-24 09:28:10 --> Session: Class initialized using 'CodeIgniter\Session\Handlers\FileHandler' driver.
DEBUG - 2025-07-24 09:28:10 --> Session: Class initialized using 'CodeIgniter\Session\Handlers\FileHandler' driver.
DEBUG - 2025-07-24 09:29:47 --> Session: Class initialized using 'CodeIgniter\Session\Handlers\FileHandler' driver.
ERROR - 2025-07-24 09:29:47 --> mysqli_sql_exception: Duplicate entry '002' for key 'berita_acara.no_ba_unique' in C:\laragon\www\beta_project\system\Database\MySQLi\Connection.php:327
Stack trace:
#0 C:\laragon\www\beta_project\system\Database\MySQLi\Connection.php(327): mysqli->query('INSERT INTO `be...', 0)
#1 C:\laragon\www\beta_project\system\Database\BaseConnection.php(738): CodeIgniter\Database\MySQLi\Connection->execute('INSERT INTO `be...')
#2 C:\laragon\www\beta_project\system\Database\BaseConnection.php(652): CodeIgniter\Database\BaseConnection->simpleQuery('INSERT INTO `be...')
#3 C:\laragon\www\beta_project\system\Database\BaseBuilder.php(2345): CodeIgniter\Database\BaseConnection->query('INSERT INTO `be...', Array, false)
#4 C:\laragon\www\beta_project\app\Controllers\Pemindahan.php(458): CodeIgniter\Database\BaseBuilder->insert(Array)
#5 C:\laragon\www\beta_project\system\CodeIgniter.php(933): App\Controllers\Pemindahan->simpanBeritaAcara()
#6 C:\laragon\www\beta_project\system\CodeIgniter.php(507): CodeIgniter\CodeIgniter->runController(Object(App\Controllers\Pemindahan))
#7 C:\laragon\www\beta_project\system\CodeIgniter.php(354): CodeIgniter\CodeIgniter->handleRequest(NULL, Object(Config\Cache), false)
#8 C:\laragon\www\beta_project\system\Boot.php(334): CodeIgniter\CodeIgniter->run()
#9 C:\laragon\www\beta_project\system\Boot.php(67): CodeIgniter\Boot::runCodeIgniter(Object(CodeIgniter\CodeIgniter))
#10 C:\laragon\www\beta_project\public\index.php(59): CodeIgniter\Boot::bootWeb(Object(Config\Paths))
#11 {main}
ERROR - 2025-07-24 09:29:47 --> [SimpanBA] Exception: Database transaction failed. Error: 
DEBUG - 2025-07-24 09:34:08 --> Session: Class initialized using 'CodeIgniter\Session\Handlers\FileHandler' driver.
DEBUG - 2025-07-24 09:34:09 --> Session: Class initialized using 'CodeIgniter\Session\Handlers\FileHandler' driver.
DEBUG - 2025-07-24 09:34:09 --> Session: Class initialized using 'CodeIgniter\Session\Handlers\FileHandler' driver.
DEBUG - 2025-07-24 09:34:10 --> Session: Class initialized using 'CodeIgniter\Session\Handlers\FileHandler' driver.
DEBUG - 2025-07-24 09:34:22 --> Session: Class initialized using 'CodeIgniter\Session\Handlers\FileHandler' driver.
ERROR - 2025-07-24 09:34:22 --> mysqli_sql_exception: Duplicate entry '002' for key 'berita_acara.no_ba_unique' in C:\laragon\www\beta_project\system\Database\MySQLi\Connection.php:327
Stack trace:
#0 C:\laragon\www\beta_project\system\Database\MySQLi\Connection.php(327): mysqli->query('INSERT INTO `be...', 0)
#1 C:\laragon\www\beta_project\system\Database\BaseConnection.php(738): CodeIgniter\Database\MySQLi\Connection->execute('INSERT INTO `be...')
#2 C:\laragon\www\beta_project\system\Database\BaseConnection.php(652): CodeIgniter\Database\BaseConnection->simpleQuery('INSERT INTO `be...')
#3 C:\laragon\www\beta_project\system\Database\BaseBuilder.php(2345): CodeIgniter\Database\BaseConnection->query('INSERT INTO `be...', Array, false)
#4 C:\laragon\www\beta_project\system\Model.php(394): CodeIgniter\Database\BaseBuilder->insert()
#5 C:\laragon\www\beta_project\system\BaseModel.php(843): CodeIgniter\Model->doInsert(Array)
#6 C:\laragon\www\beta_project\system\Model.php(800): CodeIgniter\BaseModel->insert(Array, true)
#7 C:\laragon\www\beta_project\app\Controllers\Pemindahan.php(448): CodeIgniter\Model->insert(Array)
#8 C:\laragon\www\beta_project\system\CodeIgniter.php(933): App\Controllers\Pemindahan->simpanBeritaAcara()
#9 C:\laragon\www\beta_project\system\CodeIgniter.php(507): CodeIgniter\CodeIgniter->runController(Object(App\Controllers\Pemindahan))
#10 C:\laragon\www\beta_project\system\CodeIgniter.php(354): CodeIgniter\CodeIgniter->handleRequest(NULL, Object(Config\Cache), false)
#11 C:\laragon\www\beta_project\system\Boot.php(334): CodeIgniter\CodeIgniter->run()
#12 C:\laragon\www\beta_project\system\Boot.php(67): CodeIgniter\Boot::runCodeIgniter(Object(CodeIgniter\CodeIgniter))
#13 C:\laragon\www\beta_project\public\index.php(59): CodeIgniter\Boot::bootWeb(Object(Config\Paths))
#14 {main}
DEBUG - 2025-07-24 09:36:19 --> Session: Class initialized using 'CodeIgniter\Session\Handlers\FileHandler' driver.
DEBUG - 2025-07-24 09:36:21 --> Session: Class initialized using 'CodeIgniter\Session\Handlers\FileHandler' driver.
DEBUG - 2025-07-24 09:36:22 --> Session: Class initialized using 'CodeIgniter\Session\Handlers\FileHandler' driver.
DEBUG - 2025-07-24 09:36:24 --> Session: Class initialized using 'CodeIgniter\Session\Handlers\FileHandler' driver.
DEBUG - 2025-07-24 09:36:24 --> Session: Class initialized using 'CodeIgniter\Session\Handlers\FileHandler' driver.
DEBUG - 2025-07-24 09:36:25 --> Session: Class initialized using 'CodeIgniter\Session\Handlers\FileHandler' driver.
DEBUG - 2025-07-24 09:36:26 --> Session: Class initialized using 'CodeIgniter\Session\Handlers\FileHandler' driver.
DEBUG - 2025-07-24 09:42:43 --> Session: Class initialized using 'CodeIgniter\Session\Handlers\FileHandler' driver.
CRITICAL - 2025-07-24 09:42:43 --> CodeIgniter\View\Exceptions\ViewException: Invalid file: "pemindahan/finalisasi.php"
[Method: GET, Route: pemindahan/finalisasi]
in SYSTEMPATH\Exceptions\FrameworkException.php on line 39.
 1 SYSTEMPATH\View\View.php(212): CodeIgniter\Exceptions\FrameworkException::forInvalidFile('pemindahan/finalisasi.php')
 2 SYSTEMPATH\Common.php(1173): CodeIgniter\View\View->render('pemindahan/finalisasi', [], true)
 3 APPPATH\Controllers\Pemindahan.php(476): view('pemindahan/finalisasi')
 4 SYSTEMPATH\CodeIgniter.php(933): App\Controllers\Pemindahan->finalisasi()
 5 SYSTEMPATH\CodeIgniter.php(507): CodeIgniter\CodeIgniter->runController(Object(App\Controllers\Pemindahan))
 6 SYSTEMPATH\CodeIgniter.php(354): CodeIgniter\CodeIgniter->handleRequest(null, Object(Config\Cache), false)
 7 SYSTEMPATH\Boot.php(334): CodeIgniter\CodeIgniter->run()
 8 SYSTEMPATH\Boot.php(67): CodeIgniter\Boot::runCodeIgniter(Object(CodeIgniter\CodeIgniter))
 9 FCPATH\index.php(59): CodeIgniter\Boot::bootWeb(Object(Config\Paths))
DEBUG - 2025-07-24 09:43:18 --> Session: Class initialized using 'CodeIgniter\Session\Handlers\FileHandler' driver.
CRITICAL - 2025-07-24 09:43:18 --> CodeIgniter\View\Exceptions\ViewException: Invalid file: "pemindahan/finalisasi.php"
[Method: GET, Route: pemindahan/finalisasi]
in SYSTEMPATH\Exceptions\FrameworkException.php on line 39.
 1 SYSTEMPATH\View\View.php(212): CodeIgniter\Exceptions\FrameworkException::forInvalidFile('pemindahan/finalisasi.php')
 2 SYSTEMPATH\Common.php(1173): CodeIgniter\View\View->render('pemindahan/finalisasi', [], true)
 3 APPPATH\Controllers\Pemindahan.php(476): view('pemindahan/finalisasi')
 4 SYSTEMPATH\CodeIgniter.php(933): App\Controllers\Pemindahan->finalisasi()
 5 SYSTEMPATH\CodeIgniter.php(507): CodeIgniter\CodeIgniter->runController(Object(App\Controllers\Pemindahan))
 6 SYSTEMPATH\CodeIgniter.php(354): CodeIgniter\CodeIgniter->handleRequest(null, Object(Config\Cache), false)
 7 SYSTEMPATH\Boot.php(334): CodeIgniter\CodeIgniter->run()
 8 SYSTEMPATH\Boot.php(67): CodeIgniter\Boot::runCodeIgniter(Object(CodeIgniter\CodeIgniter))
 9 FCPATH\index.php(59): CodeIgniter\Boot::bootWeb(Object(Config\Paths))
DEBUG - 2025-07-24 09:43:19 --> Session: Class initialized using 'CodeIgniter\Session\Handlers\FileHandler' driver.
CRITICAL - 2025-07-24 09:43:19 --> CodeIgniter\View\Exceptions\ViewException: Invalid file: "pemindahan/finalisasi.php"
[Method: GET, Route: pemindahan/finalisasi]
in SYSTEMPATH\Exceptions\FrameworkException.php on line 39.
 1 SYSTEMPATH\View\View.php(212): CodeIgniter\Exceptions\FrameworkException::forInvalidFile('pemindahan/finalisasi.php')
 2 SYSTEMPATH\Common.php(1173): CodeIgniter\View\View->render('pemindahan/finalisasi', [], true)
 3 APPPATH\Controllers\Pemindahan.php(476): view('pemindahan/finalisasi')
 4 SYSTEMPATH\CodeIgniter.php(933): App\Controllers\Pemindahan->finalisasi()
 5 SYSTEMPATH\CodeIgniter.php(507): CodeIgniter\CodeIgniter->runController(Object(App\Controllers\Pemindahan))
 6 SYSTEMPATH\CodeIgniter.php(354): CodeIgniter\CodeIgniter->handleRequest(null, Object(Config\Cache), false)
 7 SYSTEMPATH\Boot.php(334): CodeIgniter\CodeIgniter->run()
 8 SYSTEMPATH\Boot.php(67): CodeIgniter\Boot::runCodeIgniter(Object(CodeIgniter\CodeIgniter))
 9 FCPATH\index.php(59): CodeIgniter\Boot::bootWeb(Object(Config\Paths))
DEBUG - 2025-07-24 09:44:29 --> Session: Class initialized using 'CodeIgniter\Session\Handlers\FileHandler' driver.
DEBUG - 2025-07-24 09:44:30 --> Session: Class initialized using 'CodeIgniter\Session\Handlers\FileHandler' driver.
DEBUG - 2025-07-24 09:44:51 --> Session: Class initialized using 'CodeIgniter\Session\Handlers\FileHandler' driver.
DEBUG - 2025-07-24 09:44:51 --> Session: Class initialized using 'CodeIgniter\Session\Handlers\FileHandler' driver.
DEBUG - 2025-07-24 09:44:53 --> Session: Class initialized using 'CodeIgniter\Session\Handlers\FileHandler' driver.
